#
# A fatal error has been detected by the Java Runtime Environment:
#
#  EXCEPTION_ACCESS_VIOLATION (0xc0000005) at pc=0x00007fff538d5988, pid=29844, tid=31900
#
# JRE version: OpenJDK Runtime Environment (21.0.4) (build 21.0.4+-12508038-b607.1)
# Java VM: OpenJDK 64-Bit Server VM (21.0.4+-12508038-b607.1, mixed mode, tiered, compressed oops, compressed class ptrs, g1 gc, windows-amd64)
# Problematic frame:
# C  [libWinBleNativeApi.dll+0x85988]
#
# No core dump will be written. Minidumps are not enabled by default on client versions of Windows
#
# If you would like to submit a bug report, please visit:
#   https://youtrack.jetbrains.com/issues/JBR
# The crash happened outside the Java Virtual Machine in native code.
# See problematic frame for where to report the bug.
#

---------------  S U M M A R Y ------------

Command Line: -Dcompose.application.configure.swing.globals=true -Dcompose.application.resources.dir=D:\work\PROJ\kmm_test\droid_share_jc\composeApp\build\compose\tmp\prepareAppResources -Dfile.encoding=UTF-8 -Duser.country=RU -Duser.language=ru -Duser.variant org.example.project.MainKt

Host: Intel(R) Core(TM) i7-8550U CPU @ 1.80GHz, 8 cores, 15G,  Windows 11 , 64 bit Build 22621 (10.0.22621.4391)
Time: Mon Jan 27 17:07:39 2025 RTZ 2 (s 11 , 64 bit Build 22621 (10.0.22621.4391) elapsed time: 1.104748 seconds (0d 0h 0m 1s)

---------------  T H R E A D  ---------------

Current thread (0x0000024cd17195e0):  JavaThread "AWT-EventQueue-0"        [_thread_in_native, id=31900, stack(0x000000c086b00000,0x000000c086c00000) (1024K)]

Stack: [0x000000c086b00000,0x000000c086c00000],  sp=0x000000c086bfac80,  free space=1003k
Native frames: (J=compiled Java code, j=interpreted, Vv=VM code, C=native code)
C  [libWinBleNativeApi.dll+0x85988]

Java frames: (J=compiled Java code, j=interpreted, Vv=VM code)
j  WinBleNativeApi.setServiceUuidNative(Ljava/lang/String;)V+0
j  WinBleNativeApi.setServiceUuid(Ljava/lang/String;)V+7
j  org.example.project.FileShareBlockDesktop.<init>(Lorg/example/project/fragments/FileSharingRole;Ljava/lang/String;)V+50
j  org.example.project.MainKt.App2(Landroidx/compose/runtime/Composer;I)V+95
j  org.example.project.ComposableSingletons$MainKt$lambda-1$1.invoke(Landroidx/compose/ui/window/FrameWindowScope;Landroidx/compose/runtime/Composer;I)V+41
j  org.example.project.ComposableSingletons$MainKt$lambda-1$1.invoke(Ljava/lang/Object;Ljava/lang/Object;Ljava/lang/Object;)Ljava/lang/Object;+16
j  androidx.compose.runtime.internal.ComposableLambdaImpl.invoke(Ljava/lang/Object;Landroidx/compose/runtime/Composer;I)Ljava/lang/Object;+75
j  androidx.compose.runtime.internal.ComposableLambdaImpl.invoke(Ljava/lang/Object;Ljava/lang/Object;Ljava/lang/Object;)Ljava/lang/Object;+13
j  androidx.compose.ui.awt.ComposeWindow$setContent$5.invoke(Landroidx/compose/runtime/Composer;I)V+50
j  androidx.compose.ui.awt.ComposeWindow$setContent$5.invoke(Ljava/lang/Object;Ljava/lang/Object;)Ljava/lang/Object;+12
j  androidx.compose.runtime.internal.ComposableLambdaImpl.invoke(Landroidx/compose/runtime/Composer;I)Ljava/lang/Object;+70
j  androidx.compose.runtime.internal.ComposableLambdaImpl.invoke(Ljava/lang/Object;Ljava/lang/Object;)Ljava/lang/Object;+12
j  androidx.compose.ui.awt.WindowContentLayout_desktopKt.WindowContentLayout(Landroidx/compose/ui/Modifier;Lkotlin/jvm/functions/Function2;Landroidx/compose/runtime/Composer;II)V+600
j  androidx.compose.ui.awt.ComposeWindowPanel$setContent$3$1.invoke(Landroidx/compose/runtime/Composer;I)V+48
j  androidx.compose.ui.awt.ComposeWindowPanel$setContent$3$1.invoke(Ljava/lang/Object;Ljava/lang/Object;)Ljava/lang/Object;+12
j  androidx.compose.runtime.internal.ComposableLambdaImpl.invoke(Landroidx/compose/runtime/Composer;I)Ljava/lang/Object;+70
j  androidx.compose.runtime.internal.ComposableLambdaImpl.invoke(Ljava/lang/Object;Ljava/lang/Object;)Ljava/lang/Object;+12
j  androidx.compose.runtime.CompositionLocalKt.CompositionLocalProvider(Landroidx/compose/runtime/ProvidedValue;Lkotlin/jvm/functions/Function2;Landroidx/compose/runtime/Composer;I)V+65
j  androidx.compose.ui.awt.ComposeWindowPanel$setContent$3.invoke(Landroidx/compose/runtime/Composer;I)V+84
j  androidx.compose.ui.awt.ComposeWindowPanel$setContent$3.invoke(Ljava/lang/Object;Ljava/lang/Object;)Ljava/lang/Object;+12
j  androidx.compose.runtime.internal.ComposableLambdaImpl.invoke(Landroidx/compose/runtime/Composer;I)Ljava/lang/Object;+70
j  androidx.compose.runtime.internal.ComposableLambdaImpl.invoke(Ljava/lang/Object;Ljava/lang/Object;)Ljava/lang/Object;+12
j  androidx.compose.ui.scene.ComposeContainer$setContent$1$1.invoke(Landroidx/compose/runtime/Composer;I)V+46
j  androidx.compose.ui.scene.ComposeContainer$setContent$1$1.invoke(Ljava/lang/Object;Ljava/lang/Object;)Ljava/lang/Object;+12
j  androidx.compose.runtime.internal.ComposableLambdaImpl.invoke(Landroidx/compose/runtime/Composer;I)Ljava/lang/Object;+70
j  androidx.compose.runtime.internal.ComposableLambdaImpl.invoke(Ljava/lang/Object;Ljava/lang/Object;)Ljava/lang/Object;+12
j  androidx.compose.runtime.CompositionLocalKt.CompositionLocalProvider([Landroidx/compose/runtime/ProvidedValue;Lkotlin/jvm/functions/Function2;Landroidx/compose/runtime/Composer;I)V+65
j  androidx.compose.ui.scene.ComposeContainer_desktopKt.ProvideContainerCompositionLocals(Landroidx/compose/ui/scene/ComposeContainer;Lkotlin/jvm/functions/Function2;Landroidx/compose/runtime/Composer;I)V+150
j  androidx.compose.ui.scene.ComposeContainer_desktopKt.access$ProvideContainerCompositionLocals(Landroidx/compose/ui/scene/ComposeContainer;Lkotlin/jvm/functions/Function2;Landroidx/compose/runtime/Composer;I)V+4
j  androidx.compose.ui.scene.ComposeContainer$setContent$1.invoke(Landroidx/compose/runtime/Composer;I)V+67
j  androidx.compose.ui.scene.ComposeContainer$setContent$1.invoke(Ljava/lang/Object;Ljava/lang/Object;)Ljava/lang/Object;+12
j  androidx.compose.runtime.internal.ComposableLambdaImpl.invoke(Landroidx/compose/runtime/Composer;I)Ljava/lang/Object;+70
j  androidx.compose.runtime.internal.ComposableLambdaImpl.invoke(Ljava/lang/Object;Ljava/lang/Object;)Ljava/lang/Object;+12
j  androidx.compose.ui.scene.ComposeSceneMediator$setContent$1$1$1$1.invoke(Landroidx/compose/runtime/Composer;I)V+46
j  androidx.compose.ui.scene.ComposeSceneMediator$setContent$1$1$1$1.invoke(Ljava/lang/Object;Ljava/lang/Object;)Ljava/lang/Object;+12
j  androidx.compose.runtime.internal.ComposableLambdaImpl.invoke(Landroidx/compose/runtime/Composer;I)Ljava/lang/Object;+70
j  androidx.compose.runtime.internal.ComposableLambdaImpl.invoke(Ljava/lang/Object;Ljava/lang/Object;)Ljava/lang/Object;+12
j  androidx.compose.ui.layout.OverlayLayout_skikoKt.OverlayLayout(Landroidx/compose/ui/Modifier;Lkotlin/jvm/functions/Function2;Landroidx/compose/runtime/Composer;I)V+402
j  androidx.compose.ui.viewinterop.InteropContainer_skikoKt.TrackInteropPlacementContainer(Landroidx/compose/ui/viewinterop/InteropContainer;Lkotlin/jvm/functions/Function2;Landroidx/compose/runtime/Composer;I)V+281
j  androidx.compose.ui.viewinterop.SwingInteropContainer$invoke$1.invoke(Landroidx/compose/runtime/Composer;I)V+50
j  androidx.compose.ui.viewinterop.SwingInteropContainer$invoke$1.invoke(Ljava/lang/Object;Ljava/lang/Object;)Ljava/lang/Object;+12
j  androidx.compose.runtime.internal.ComposableLambdaImpl.invoke(Landroidx/compose/runtime/Composer;I)Ljava/lang/Object;+70
j  androidx.compose.runtime.internal.ComposableLambdaImpl.invoke(Ljava/lang/Object;Ljava/lang/Object;)Ljava/lang/Object;+12
j  androidx.compose.runtime.CompositionLocalKt.CompositionLocalProvider(Landroidx/compose/runtime/ProvidedValue;Lkotlin/jvm/functions/Function2;Landroidx/compose/runtime/Composer;I)V+65
j  androidx.compose.ui.viewinterop.SwingInteropContainer.invoke(Lkotlin/jvm/functions/Function2;Landroidx/compose/runtime/Composer;I)V+156
j  androidx.compose.ui.scene.ComposeSceneMediator$setContent$1$1$1.invoke(Landroidx/compose/runtime/Composer;I)V+70
j  androidx.compose.ui.scene.ComposeSceneMediator$setContent$1$1$1.invoke(Ljava/lang/Object;Ljava/lang/Object;)Ljava/lang/Object;+12
j  androidx.compose.runtime.internal.ComposableLambdaImpl.invoke(Landroidx/compose/runtime/Composer;I)Ljava/lang/Object;+70
j  androidx.compose.runtime.internal.ComposableLambdaImpl.invoke(Ljava/lang/Object;Ljava/lang/Object;)Ljava/lang/Object;+12
j  androidx.compose.runtime.CompositionLocalKt.CompositionLocalProvider(Landroidx/compose/runtime/ProvidedValue;Lkotlin/jvm/functions/Function2;Landroidx/compose/runtime/Composer;I)V+65
j  androidx.compose.ui.scene.BaseComposeScene$setContent$1$2.invoke(Landroidx/compose/runtime/Composer;I)V+55
j  androidx.compose.ui.scene.BaseComposeScene$setContent$1$2.invoke(Ljava/lang/Object;Ljava/lang/Object;)Ljava/lang/Object;+12
j  androidx.compose.runtime.internal.ComposableLambdaImpl.invoke(Landroidx/compose/runtime/Composer;I)Ljava/lang/Object;+70
j  androidx.compose.runtime.internal.ComposableLambdaImpl.invoke(Ljava/lang/Object;Ljava/lang/Object;)Ljava/lang/Object;+12
j  androidx.compose.runtime.CompositionLocalKt.CompositionLocalProvider([Landroidx/compose/runtime/ProvidedValue;Lkotlin/jvm/functions/Function2;Landroidx/compose/runtime/Composer;I)V+65
j  androidx.compose.ui.platform.PlatformCompositionLocalsKt.ProvidePlatformCompositionLocals(Lkotlin/jvm/functions/Function2;Landroidx/compose/runtime/Composer;I)V+114
j  androidx.compose.ui.platform.Wrapper_skikoKt$setContent$2$1$2.invoke(Landroidx/compose/runtime/Composer;I)V+43
j  androidx.compose.ui.platform.Wrapper_skikoKt$setContent$2$1$2.invoke(Ljava/lang/Object;Ljava/lang/Object;)Ljava/lang/Object;+12
j  androidx.compose.runtime.internal.ComposableLambdaImpl.invoke(Landroidx/compose/runtime/Composer;I)Ljava/lang/Object;+70
j  androidx.compose.runtime.internal.ComposableLambdaImpl.invoke(Ljava/lang/Object;Ljava/lang/Object;)Ljava/lang/Object;+12
j  androidx.compose.runtime.CompositionLocalKt.CompositionLocalProvider([Landroidx/compose/runtime/ProvidedValue;Lkotlin/jvm/functions/Function2;Landroidx/compose/runtime/Composer;I)V+65
j  androidx.compose.ui.platform.CompositionLocalsKt.ProvideCommonCompositionLocals(Landroidx/compose/ui/node/Owner;Landroidx/compose/ui/platform/UriHandler;Lkotlin/jvm/functions/Function2;Landroidx/compose/runtime/Composer;I)V+535
j  androidx.compose.ui.platform.Wrapper_skikoKt$setContent$2$1.invoke(Landroidx/compose/runtime/Composer;I)V+159
j  androidx.compose.ui.platform.Wrapper_skikoKt$setContent$2$1.invoke(Ljava/lang/Object;Ljava/lang/Object;)Ljava/lang/Object;+12
j  androidx.compose.runtime.internal.ComposableLambdaImpl.invoke(Landroidx/compose/runtime/Composer;I)Ljava/lang/Object;+70
j  androidx.compose.runtime.internal.ComposableLambdaImpl.invoke(Ljava/lang/Object;Ljava/lang/Object;)Ljava/lang/Object;+12
j  androidx.compose.runtime.CompositionLocalKt.CompositionLocalProvider([Landroidx/compose/runtime/ProvidedValue;Lkotlin/jvm/functions/Function2;Landroidx/compose/runtime/Composer;I)V+65
j  androidx.compose.runtime.CompositionLocalKt.CompositionLocalProvider(Landroidx/compose/runtime/CompositionLocalContext;Lkotlin/jvm/functions/Function2;Landroidx/compose/runtime/Composer;I)V+296
j  androidx.compose.ui.platform.Wrapper_skikoKt.provide(Landroidx/compose/runtime/CompositionLocalContext;Lkotlin/jvm/functions/Function2;Landroidx/compose/runtime/Composer;I)V+141
j  androidx.compose.ui.platform.Wrapper_skikoKt.access$provide(Landroidx/compose/runtime/CompositionLocalContext;Lkotlin/jvm/functions/Function2;Landroidx/compose/runtime/Composer;I)V+4
j  androidx.compose.ui.platform.Wrapper_skikoKt$setContent$2.invoke(Landroidx/compose/runtime/Composer;I)V+79
j  androidx.compose.ui.platform.Wrapper_skikoKt$setContent$2.invoke(Ljava/lang/Object;Ljava/lang/Object;)Ljava/lang/Object;+12
j  androidx.compose.runtime.internal.ComposableLambdaImpl.invoke(Landroidx/compose/runtime/Composer;I)Ljava/lang/Object;+70
j  androidx.compose.runtime.internal.ComposableLambdaImpl.invoke(Ljava/lang/Object;Ljava/lang/Object;)Ljava/lang/Object;+12
j  androidx.compose.runtime.ActualJvm_jvmKt__ActualJvm_jvmKt.invokeComposable(Landroidx/compose/runtime/Composer;Lkotlin/jvm/functions/Function2;)V+27
j  androidx.compose.runtime.ActualJvm_jvmKt.invokeComposable(Landroidx/compose/runtime/Composer;Lkotlin/jvm/functions/Function2;)V+2
j  androidx.compose.runtime.ComposerImpl.doCompose(Landroidx/compose/runtime/collection/ScopeMap;Lkotlin/jvm/functions/Function2;)V+508
j  androidx.compose.runtime.ComposerImpl.composeContent$runtime(Landroidx/compose/runtime/collection/ScopeMap;Lkotlin/jvm/functions/Function2;)V+43
j  androidx.compose.runtime.CompositionImpl.composeContent(Lkotlin/jvm/functions/Function2;)V+111
j  androidx.compose.runtime.Recomposer.composeInitial$runtime(Landroidx/compose/runtime/ControlledComposition;Lkotlin/jvm/functions/Function2;)V+77
j  androidx.compose.runtime.CompositionImpl.composeInitial(Lkotlin/jvm/functions/Function2;)V+47
j  androidx.compose.runtime.CompositionImpl.setContent(Lkotlin/jvm/functions/Function2;)V+9
j  androidx.compose.ui.platform.Wrapper_skikoKt.setContent(Landroidx/compose/ui/node/RootNodeOwner;Landroidx/compose/runtime/CompositionContext;Lkotlin/jvm/functions/Function0;Lkotlin/jvm/functions/Function2;)Landroidx/compose/runtime/Composition;+70
j  androidx.compose.ui.scene.CanvasLayersComposeSceneImpl.createComposition(Lkotlin/jvm/functions/Function2;)Landroidx/compose/runtime/Composition;+27
j  androidx.compose.ui.scene.BaseComposeScene.setContent(Lkotlin/jvm/functions/Function2;)V+182
j  androidx.compose.ui.scene.ComposeSceneMediator$setContent$1.invoke()V+44
j  androidx.compose.ui.scene.ComposeSceneMediator$setContent$1.invoke()Ljava/lang/Object;+1
j  androidx.compose.ui.scene.ComposeSceneMediator.onComponentAttached()V+15
j  androidx.compose.ui.scene.ComposeContainer.addNotify()V+4
j  androidx.compose.ui.awt.ComposeWindowPanel.addNotify()V+12
j  java.awt.Container.addNotify()V+61 java.desktop@21.0.4
j  javax.swing.JComponent.addNotify()V+1 java.desktop@21.0.4
j  java.awt.Container.addNotify()V+61 java.desktop@21.0.4
j  javax.swing.JComponent.addNotify()V+1 java.desktop@21.0.4
j  java.awt.Container.addNotify()V+61 java.desktop@21.0.4
j  javax.swing.JComponent.addNotify()V+1 java.desktop@21.0.4
j  javax.swing.JRootPane.addNotify()V+1 java.desktop@21.0.4
j  java.awt.Container.addNotify()V+61 java.desktop@21.0.4
j  java.awt.Window.addNotify()V+75 java.desktop@21.0.4
j  java.awt.Frame.addNotify()V+72 java.desktop@21.0.4
j  java.awt.Window.pack()V+28 java.desktop@21.0.4
j  androidx.compose.ui.util.Windows_desktopKt.setSizeImpl-6HolHcs(Ljava/awt/Window;J)V+249
j  androidx.compose.ui.util.Windows_desktopKt.setSizeSafely-hQcJfNw(Ljava/awt/Window;JLandroidx/compose/ui/window/WindowPlacement;)V+28
j  androidx.compose.ui.window.Window_desktopKt$Window$5$1.invoke(Landroidx/compose/ui/awt/ComposeWindow;)V+100
j  androidx.compose.ui.window.Window_desktopKt$Window$5$1.invoke(Ljava/lang/Object;)Ljava/lang/Object;+5
j  androidx.compose.ui.window.Window_desktopKt$Window$15$1.invoke(Landroidx/compose/ui/awt/ComposeWindow;)V+58
j  androidx.compose.ui.window.Window_desktopKt$Window$15$1.invoke(Ljava/lang/Object;)Ljava/lang/Object;+5
j  androidx.compose.ui.window.AwtWindow_desktopKt$AwtWindow$3$1.invoke()V+13
j  androidx.compose.ui.window.AwtWindow_desktopKt$AwtWindow$3$1.invoke()Ljava/lang/Object;+1
j  androidx.compose.ui.util.UpdateEffect_desktopKt$UpdateEffect$2$1$performUpdate$1.invoke()V+7
j  androidx.compose.ui.util.UpdateEffect_desktopKt$UpdateEffect$2$1$performUpdate$1.invoke()Ljava/lang/Object;+1
j  androidx.compose.runtime.snapshots.Snapshot$Companion.observe(Lkotlin/jvm/functions/Function1;Lkotlin/jvm/functions/Function1;Lkotlin/jvm/functions/Function0;)Ljava/lang/Object;+265
j  androidx.compose.runtime.snapshots.SnapshotStateObserver$ObservedScopeMap.observe(Ljava/lang/Object;Lkotlin/jvm/functions/Function1;Lkotlin/jvm/functions/Function0;)V+106
j  androidx.compose.runtime.snapshots.SnapshotStateObserver.observeReads(Ljava/lang/Object;Lkotlin/jvm/functions/Function1;Lkotlin/jvm/functions/Function0;)V+201
j  androidx.compose.ui.util.UpdateEffect_desktopKt$UpdateEffect$2$1.invoke$performUpdate(Landroidx/compose/runtime/snapshots/SnapshotStateObserver;Lkotlin/jvm/internal/Ref$ObjectRef;Landroidx/compose/runtime/State;)V+38
j  androidx.compose.ui.util.UpdateEffect_desktopKt$UpdateEffect$2$1.invoke(Landroidx/compose/runtime/DisposableEffectScope;)Landroidx/compose/runtime/DisposableEffectResult;+59
j  androidx.compose.ui.util.UpdateEffect_desktopKt$UpdateEffect$2$1.invoke(Ljava/lang/Object;)Ljava/lang/Object;+5
j  androidx.compose.runtime.DisposableEffectImpl.onRemembered()V+8
j  androidx.compose.runtime.CompositionImpl$RememberEventDispatcher.dispatchRememberObservers()V+298
j  androidx.compose.runtime.CompositionImpl.applyChangesInLocked(Landroidx/compose/runtime/changelist/ChangeList;)V+193
j  androidx.compose.runtime.CompositionImpl.applyChanges()V+41
j  androidx.compose.runtime.Recomposer.composeInitial$runtime(Landroidx/compose/runtime/ControlledComposition;Lkotlin/jvm/functions/Function2;)V+262
j  androidx.compose.runtime.CompositionImpl.composeInitial(Lkotlin/jvm/functions/Function2;)V+47
j  androidx.compose.runtime.CompositionImpl.setContent(Lkotlin/jvm/functions/Function2;)V+9
j  androidx.compose.ui.window.Application_desktopKt$awaitApplication$2$1$2.invokeSuspend(Ljava/lang/Object;)Ljava/lang/Object;+89
j  kotlin.coroutines.jvm.internal.BaseContinuationImpl.resumeWith(Ljava/lang/Object;)V+40
j  kotlinx.coroutines.DispatchedTask.run()V+305
j  java.awt.event.InvocationEvent.dispatch()V+47 java.desktop@21.0.4
j  java.awt.EventQueue.dispatchEventImpl(Ljava/awt/AWTEvent;Ljava/lang/Object;)V+21 java.desktop@21.0.4
j  java.awt.EventQueue$4.run()Ljava/lang/Void;+32 java.desktop@21.0.4
j  java.awt.EventQueue$4.run()Ljava/lang/Object;+1 java.desktop@21.0.4
j  java.security.AccessController.executePrivileged(Ljava/security/PrivilegedAction;Ljava/security/AccessControlContext;Ljava/lang/Class;)Ljava/lang/Object;+29 java.base@21.0.4
j  java.security.AccessController.doPrivileged(Ljava/security/PrivilegedAction;Ljava/security/AccessControlContext;)Ljava/lang/Object;+13 java.base@21.0.4
j  java.security.ProtectionDomain$JavaSecurityAccessImpl.doIntersectionPrivilege(Ljava/security/PrivilegedAction;Ljava/security/AccessControlContext;Ljava/security/AccessControlContext;)Ljava/lang/Object;+18 java.base@21.0.4
j  java.awt.EventQueue.dispatchEvent(Ljava/awt/AWTEvent;)V+46 java.desktop@21.0.4
j  java.awt.EventDispatchThread.pumpOneEventForFilters(I)V+81 java.desktop@21.0.4
j  java.awt.EventDispatchThread.pumpEventsForFilter(ILjava/awt/Conditional;Ljava/awt/EventFilter;)V+35 java.desktop@21.0.4
j  java.awt.EventDispatchThread.pumpEventsForHierarchy(ILjava/awt/Conditional;Ljava/awt/Component;)V+11 java.desktop@21.0.4
j  java.awt.EventDispatchThread.pumpEvents(ILjava/awt/Conditional;)V+4 java.desktop@21.0.4
j  java.awt.EventDispatchThread.pumpEvents(Ljava/awt/Conditional;)V+3 java.desktop@21.0.4
j  java.awt.EventDispatchThread.run()V+18 java.desktop@21.0.4
v  ~StubRoutines::call_stub 0x0000024cbc5c100d

siginfo: EXCEPTION_ACCESS_VIOLATION (0xc0000005), reading address 0x0000000000000000


Registers:
RAX=0x0000000000000000, RBX=0x0000024cce576d20, RCX=0x0000000000000000, RDX=0x000000c086bface8
RSP=0x000000c086bfac80, RBP=0x000000c086bfae58, RSI=0x0000000701854930, RDI=0x0000000000000003
R8 =0x0000000000150000, R9 =0x0000000000000004, R10=0x0000024cbc5cce1c, R11=0x0000000000000100
R12=0x0000000000000000, R13=0x0000024cce576d20, R14=0x000000c086bfae80, R15=0x0000024cd17195e0
RIP=0x00007fff538d5988, EFLAGS=0x0000000000010202


Register to memory mapping:

RAX=0x0 is null
RBX={method} {0x0000024cce576d28} 'setServiceUuidNative' '(Ljava/lang/String;)V' in 'WinBleNativeApi'
RCX=0x0 is null
RDX=0x000000c086bface8 is pointing into the stack for thread: 0x0000024cd17195e0
RSP=0x000000c086bfac80 is pointing into the stack for thread: 0x0000024cd17195e0
RBP=0x000000c086bfae58 is pointing into the stack for thread: 0x0000024cd17195e0
RSI=0x0000000701854930 is an oop: [Ljava.lang.Object; 
{0x0000000701854930} - klass: 'java/lang/Object'[]
 - length: 0
RDI=0x0000000000000003 is an unknown value
R8 =1376256 is a compressed pointer to class: 0x0000000800150000
kotlin.coroutines.intrinsics.IntrinsicsKt {0x0000000800150008}
 - instance size:     2
 - klass size:        67
 - access:            public final synchronized 
 - flags:             should_verify_class has_localvariable_table has_vanilla_constructor 
 - state:             loaded
 - name:              'kotlin/coroutines/intrinsics/IntrinsicsKt'
 - super:             'kotlin/coroutines/intrinsics/IntrinsicsKt__IntrinsicsKt'
 - sub:               
 - arrays:            null
 - methods:           Array<T>(0x0000024ccdb67d60)
 - method ordering:   Array<T>(0x0000024ccd000018)
 - default_methods:   Array<T>(0x0000000000000000)
 - local interfaces:  Array<T>(0x0000024ccd000058)
 - trans. interfaces: Array<T>(0x0000024ccd000058)
 - constants:         constant pool [26] {0x0000024ccdb67c38} for 'kotlin/coroutines/intrinsics/IntrinsicsKt'
 - class loader data:  loader data: 0x0000024ccc8380e0 for instance a 'jdk/internal/loader/ClassLoaders$AppClassLoader'{0x0000000701802108}
 - class annotations:       Array<T>(0x0000024ccdb67e30)
 - class type annotations:  Array<T>(0x0000000000000000)
 - field annotations:       Array<T>(0x0000000000000000)
 - field type annotations:  Array<T>(0x0000000000000000)
 - inner classes:     Array<T>(0x0000024ccd000028)
 - nest members:     Array<T>(0x0000024ccd000028)
 - permitted subclasses:     Array<T>(0x0000024ccd000028)
 - java mirror:       a 'java/lang/Class'{0x00000007019f0a88} = 'kotlin/coroutines/intrinsics/IntrinsicsKt'
 - vtable length      5  (start addr: 0x00000008001501e0)
 - itable length      2 (start addr: 0x0000000800150208)
 - ---- static fields (0 words):
 - ---- non-static fields (0 words):
 - non-static oop maps: 
R9 =0x0000000000000004 is an unknown value
R10=0x0000024cbc5cce1c is at code_begin+1020 in an Interpreter codelet
native method entry point (kind = native)  [0x0000024cbc5cca20, 0x0000024cbc5cd548]  2856 bytes
R11=0x0000000000000100 is an unknown value
R12=0x0 is null
R13={method} {0x0000024cce576d28} 'setServiceUuidNative' '(Ljava/lang/String;)V' in 'WinBleNativeApi'
R14=0x000000c086bfae80 is pointing into the stack for thread: 0x0000024cd17195e0
R15=0x0000024cd17195e0 is a thread

Top of Stack: (sp=0x000000c086bfac80)
0x000000c086bfac80:   0000024cd17195e0 0000024ccc925aa0
0x000000c086bfac90:   0000000000000006 00007fff63544ebc
0x000000c086bfaca0:   0000024ccc8ad600 0000024ccc8ad600
0x000000c086bfacb0:   0000024ccc8ad600 00007fff538d4f7e
0x000000c086bfacc0:   0000000000000000 000000c086bface8
0x000000c086bfacd0:   000000c000150000 00007fff6354312c
0x000000c086bface0:   0000024ccc8380e0 0000000000000000
0x000000c086bfacf0:   0000000000000006 0000000000000000
0x000000c086bfad00:   0000024c00150000 0000000000000000
0x000000c086bfad10:   0000000000000000 0000000000000003
0x000000c086bfad20:   00002782860bf4bd 00007fff538d512b
0x000000c086bfad30:   0000024cd17195e0 000000c086bfae80
0x000000c086bfad40:   0000000000000000 0000000000000003
0x000000c086bfad50:   0000000000000000 0000024cce576d20
0x000000c086bfad60:   000000c086bfae58 00007fff632a6bd5
0x000000c086bfad70:   000000000000019c 00007fff53867b5c
0x000000c086bfad80:   000000c086bfada8 000000c086bfae78
0x000000c086bfad90:   0000024cce576d20 0000024cd17195e0
0x000000c086bfada0:   000000c086bfada8 0000024cbc5cccbc
0x000000c086bfadb0:   0000024cce576d20 0000024cce576d20
0x000000c086bfadc0:   0000024cce576d20 000000c086bfae80
0x000000c086bfadd0:   0000000000000003 0000024cbc5cce4b
0x000000c086bfade0:   0000024cd1719998 000000c086bfae80
0x000000c086bfadf0:   000000c086bfae78 0000024cd17195e0
0x000000c086bfae00:   0000000701854930 0000024cbc5ccadf
0x000000c086bfae10:   000000c086bfae10 0000024cce576d20
0x000000c086bfae20:   0000000000000005 0000024cce57c000
0x000000c086bfae30:   0000000000000000 0000000701e41f30
0x000000c086bfae40:   0000024cce576d20 0000000000000000
0x000000c086bfae50:   000000c086bfae78 000000c086bfaed0
0x000000c086bfae60:   0000024cbc5c8860 0000000000000000
0x000000c086bfae70:   0000024cbc5ca3d7 0000000701e2fc98 

Instructions: (pc=0x00007fff538d5988)
0x00007fff538d5888:   c3 cc cc cc cc cc cc cc cc cc cc cc cc cc cc cc
0x00007fff538d5898:   cc cc cc cc cc cc cc cc 48 89 54 24 10 48 89 4c
0x00007fff538d58a8:   24 08 48 83 ec 18 48 8b 44 24 20 48 89 04 24 48
0x00007fff538d58b8:   6b 44 24 28 20 48 8b 0c 24 48 03 01 48 83 c4 18
0x00007fff538d58c8:   c3 cc cc cc cc cc cc cc cc cc cc cc cc cc cc cc
0x00007fff538d58d8:   cc cc cc cc cc cc cc cc 4c 89 44 24 18 48 89 54
0x00007fff538d58e8:   24 10 48 89 4c 24 08 48 83 ec 38 48 8b 44 24 40
0x00007fff538d58f8:   48 8b 00 48 8b 40 20 48 89 44 24 20 4c 8b 44 24
0x00007fff538d5908:   50 48 8b 54 24 48 48 8b 4c 24 40 ff 54 24 20 48
0x00007fff538d5918:   83 c4 38 c3 cc cc cc cc cc cc cc cc cc cc cc cc
0x00007fff538d5928:   cc cc cc cc cc cc cc cc 48 89 54 24 10 48 89 4c
0x00007fff538d5938:   24 08 48 83 ec 38 48 8b 44 24 40 48 8b 00 48 8b
0x00007fff538d5948:   40 30 48 89 44 24 20 48 8b 54 24 48 48 8b 4c 24
0x00007fff538d5958:   40 ff 54 24 20 48 83 c4 38 c3 cc cc cc cc cc cc
0x00007fff538d5968:   cc cc cc cc cc cc cc cc 44 89 44 24 18 48 89 54
0x00007fff538d5978:   24 10 48 89 4c 24 08 48 83 ec 38 48 8b 44 24 40
0x00007fff538d5988:   48 8b 00 48 8b 40 30 48 89 44 24 20 44 8b 44 24
0x00007fff538d5998:   50 48 8b 54 24 48 48 8b 4c 24 40 ff 54 24 20 48
0x00007fff538d59a8:   83 c4 38 c3 cc cc cc cc cc cc cc cc cc cc cc cc
0x00007fff538d59b8:   cc cc cc cc cc cc cc cc 48 89 54 24 10 48 89 4c
0x00007fff538d59c8:   24 08 48 83 ec 38 48 8b 44 24 40 48 8b 00 48 8b
0x00007fff538d59d8:   80 d8 06 00 00 48 89 44 24 20 48 8b 54 24 48 48
0x00007fff538d59e8:   8b 4c 24 40 ff 54 24 20 48 83 c4 38 c3 cc cc cc
0x00007fff538d59f8:   cc cc cc cc cc cc cc cc cc cc cc cc cc cc cc cc
0x00007fff538d5a08:   cc cc cc cc cc cc cc cc 4c 89 4c 24 20 4c 89 44
0x00007fff538d5a18:   24 18 48 89 54 24 10 48 89 4c 24 08 48 83 ec 38
0x00007fff538d5a28:   48 8b 44 24 40 48 8b 00 48 8b 80 08 01 00 00 48
0x00007fff538d5a38:   89 44 24 20 4c 8b 4c 24 58 4c 8b 44 24 50 48 8b
0x00007fff538d5a48:   54 24 48 48 8b 4c 24 40 ff 54 24 20 48 83 c4 38
0x00007fff538d5a58:   c3 cc cc cc cc cc cc cc cc cc cc cc cc cc cc cc
0x00007fff538d5a68:   cc cc cc cc cc cc cc cc 48 89 54 24 10 48 89 4c
0x00007fff538d5a78:   24 08 48 83 ec 38 48 8b 44 24 40 48 8b 00 48 8b 


Stack slot to memory mapping:

stack at sp + 0 slots: 0x0000024cd17195e0 is a thread
stack at sp + 1 slots: 0x0000024ccc925aa0 points into unknown readable memory: 0x6c2e6176616a4c5b | 5b 4c 6a 61 76 61 2e 6c
stack at sp + 2 slots: 0x0000000000000006 is an unknown value
stack at sp + 3 slots: 0x00007fff63544ebc jvm.dll
stack at sp + 4 slots: 0x0000024ccc8ad600 points into unknown readable memory: 0x0000000000000000 | 00 00 00 00 00 00 00 00
stack at sp + 5 slots: 0x0000024ccc8ad600 points into unknown readable memory: 0x0000000000000000 | 00 00 00 00 00 00 00 00
stack at sp + 6 slots: 0x0000024ccc8ad600 points into unknown readable memory: 0x0000000000000000 | 00 00 00 00 00 00 00 00
stack at sp + 7 slots: 0x00007fff538d4f7e libWinBleNativeApi.dll


---------------  P R O C E S S  ---------------

Threads class SMR info:
_java_thread_list=0x0000024cd2dc7df0, length=22, elements={
0x0000024cb0547230, 0x0000024ccc76f0c0, 0x0000024ccc76ffe0, 0x0000024ccc78d3d0,
0x0000024ccc773d20, 0x0000024ccc756670, 0x0000024ccc7580e0, 0x0000024ccc759ea0,
0x0000024ccc75ab50, 0x0000024ccc91f010, 0x0000024ccc929e80, 0x0000024ccc9fba60,
0x0000024cd13b5a60, 0x0000024cd13b6be0, 0x0000024cd13c0df0, 0x0000024cd1484710,
0x0000024cd15ff1f0, 0x0000024cd15e3c80, 0x0000024cd17049d0, 0x0000024cd17278e0,
0x0000024cd17195e0, 0x0000024cd171a300
}

Java Threads: ( => current thread )
  0x0000024cb0547230 JavaThread "main"                              [_thread_blocked, id=8252, stack(0x000000c085000000,0x000000c085100000) (1024K)]
  0x0000024ccc76f0c0 JavaThread "Reference Handler"          daemon [_thread_blocked, id=29360, stack(0x000000c085800000,0x000000c085900000) (1024K)]
  0x0000024ccc76ffe0 JavaThread "Finalizer"                  daemon [_thread_blocked, id=9676, stack(0x000000c085900000,0x000000c085a00000) (1024K)]
  0x0000024ccc78d3d0 JavaThread "Signal Dispatcher"          daemon [_thread_blocked, id=32608, stack(0x000000c085a00000,0x000000c085b00000) (1024K)]
  0x0000024ccc773d20 JavaThread "Attach Listener"            daemon [_thread_blocked, id=33460, stack(0x000000c085b00000,0x000000c085c00000) (1024K)]
  0x0000024ccc756670 JavaThread "Service Thread"             daemon [_thread_blocked, id=24016, stack(0x000000c085c00000,0x000000c085d00000) (1024K)]
  0x0000024ccc7580e0 JavaThread "Monitor Deflation Thread"   daemon [_thread_blocked, id=1408, stack(0x000000c085d00000,0x000000c085e00000) (1024K)]
  0x0000024ccc759ea0 JavaThread "C2 CompilerThread0"         daemon [_thread_blocked, id=23288, stack(0x000000c085e00000,0x000000c085f00000) (1024K)]
  0x0000024ccc75ab50 JavaThread "C1 CompilerThread0"         daemon [_thread_blocked, id=32908, stack(0x000000c085f00000,0x000000c086000000) (1024K)]
  0x0000024ccc91f010 JavaThread "Notification Thread"        daemon [_thread_blocked, id=30300, stack(0x000000c086000000,0x000000c086100000) (1024K)]
  0x0000024ccc929e80 JavaThread "Common-Cleaner"             daemon [_thread_blocked, id=31512, stack(0x000000c086100000,0x000000c086200000) (1024K)]
  0x0000024ccc9fba60 JavaThread "C2 CompilerThread1"         daemon [_thread_blocked, id=29892, stack(0x000000c086200000,0x000000c086300000) (1024K)]
  0x0000024cd13b5a60 JavaThread "Java2D Disposer"            daemon [_thread_blocked, id=30000, stack(0x000000c086300000,0x000000c086400000) (1024K)]
  0x0000024cd13b6be0 JavaThread "AWT-Shutdown"                      [_thread_blocked, id=26396, stack(0x000000c086400000,0x000000c086500000) (1024K)]
  0x0000024cd13c0df0 JavaThread "AWT-Windows"                daemon [_thread_in_native, id=25616, stack(0x000000c086500000,0x000000c086600000) (1024K)]
  0x0000024cd1484710 JavaThread "DefaultDispatcher-worker-1" daemon [_thread_blocked, id=31416, stack(0x000000c086600000,0x000000c086700000) (1024K)]
  0x0000024cd15ff1f0 JavaThread "DefaultDispatcher-worker-2" daemon [_thread_blocked, id=32988, stack(0x000000c086700000,0x000000c086800000) (1024K)]
  0x0000024cd15e3c80 JavaThread "DefaultDispatcher-worker-3" daemon [_thread_blocked, id=18564, stack(0x000000c086800000,0x000000c086900000) (1024K)]
  0x0000024cd17049d0 JavaThread "Reference Cleaner"          daemon [_thread_blocked, id=33728, stack(0x000000c086900000,0x000000c086a00000) (1024K)]
  0x0000024cd17278e0 JavaThread "kotlinx.coroutines.DefaultExecutor" daemon [_thread_blocked, id=33364, stack(0x000000c086a00000,0x000000c086b00000) (1024K)]
=>0x0000024cd17195e0 JavaThread "AWT-EventQueue-0"                  [_thread_in_native, id=31900, stack(0x000000c086b00000,0x000000c086c00000) (1024K)]
  0x0000024cd171a300 JavaThread "TimerQueue"                 daemon [_thread_blocked, id=31132, stack(0x000000c087200000,0x000000c087300000) (1024K)]
Total: 22

Other Threads:
  0x0000024cb05222e0 VMThread "VM Thread"                           [id=25840, stack(0x000000c085700000,0x000000c085800000) (1024K)]
  0x0000024ccc53bd00 WatcherThread "VM Periodic Task Thread"        [id=29120, stack(0x000000c085600000,0x000000c085700000) (1024K)]
  0x0000024cb0523c40 WorkerThread "GC Thread#0"                     [id=29700, stack(0x000000c085100000,0x000000c085200000) (1024K)]
  0x0000024cd2aa2240 WorkerThread "GC Thread#1"                     [id=4232, stack(0x000000c086c00000,0x000000c086d00000) (1024K)]
  0x0000024cd2aa4680 WorkerThread "GC Thread#2"                     [id=24096, stack(0x000000c086d00000,0x000000c086e00000) (1024K)]
  0x0000024cd2aa42e0 WorkerThread "GC Thread#3"                     [id=30568, stack(0x000000c086e00000,0x000000c086f00000) (1024K)]
  0x0000024cd2aa3f40 WorkerThread "GC Thread#4"                     [id=23752, stack(0x000000c086f00000,0x000000c087000000) (1024K)]
  0x0000024cd2aa58a0 WorkerThread "GC Thread#5"                     [id=27712, stack(0x000000c087000000,0x000000c087100000) (1024K)]
  0x0000024cd2aa5c40 WorkerThread "GC Thread#6"                     [id=33648, stack(0x000000c087100000,0x000000c087200000) (1024K)]
  0x0000024cd2aa2980 WorkerThread "GC Thread#7"                     [id=33780, stack(0x000000c087300000,0x000000c087400000) (1024K)]
  0x0000024cb07be960 ConcurrentGCThread "G1 Main Marker"            [id=22700, stack(0x000000c085200000,0x000000c085300000) (1024K)]
  0x0000024cb0523500 WorkerThread "G1 Conc#0"                       [id=30252, stack(0x000000c085300000,0x000000c085400000) (1024K)]
  0x0000024cd2aa2d20 WorkerThread "G1 Conc#1"                       [id=31312, stack(0x000000c087400000,0x000000c087500000) (1024K)]
  0x0000024ccc3ff1d0 ConcurrentGCThread "G1 Refine#0"               [id=32784, stack(0x000000c085400000,0x000000c085500000) (1024K)]
  0x0000024ccc3ff950 ConcurrentGCThread "G1 Service"                [id=31920, stack(0x000000c085500000,0x000000c085600000) (1024K)]
Total: 15

Threads with active compile tasks:
Total: 0

VM state: not at safepoint (normal execution)

VM Mutex/Monitor currently owned by a thread: None

Heap address: 0x0000000701800000, size: 4072 MB, Compressed Oops mode: Zero based, Oop shift amount: 3

CDS archive(s) not mapped
Compressed class space mapped at: 0x0000000800000000-0x0000000840000000, reserved size: 1073741824
Narrow klass base: 0x0000000800000000, Narrow klass shift: 0, Narrow klass range: 0x40000000

GC Precious Log:
 CardTable entry size: 512
 Card Set container configuration: InlinePtr #cards 4 size 8 Array Of Cards #cards 16 size 48 Howl #buckets 8 coarsen threshold 3686 Howl Bitmap #cards 512 size 80 coarsen threshold 460 Card regions per heap region 1 cards per card region 4096
 CPUs: 8 total, 8 available
 Memory: 16281M
 Large Page Support: Disabled
 NUMA Support: Disabled
 Compressed Oops: Enabled (Zero based)
 Heap Region Size: 2M
 Heap Min Capacity: 8M
 Heap Initial Capacity: 256M
 Heap Max Capacity: 4072M
 Pre-touch: Disabled
 Parallel Workers: 8
 Concurrent Workers: 2
 Concurrent Refinement Workers: 8
 Periodic GC: Disabled

Heap:
 garbage-first heap   total 20480K, used 14757K [0x0000000701800000, 0x0000000800000000)
  region size 2048K, 7 young (14336K), 1 survivors (2048K)
 Metaspace       used 24864K, committed 25088K, reserved 1114112K
  class space    used 2435K, committed 2560K, reserved 1048576K

Heap Regions: E=young(eden), S=young(survivor), O=old, HS=humongous(starts), HC=humongous(continues), CS=collection set, F=free, TAMS=top-at-mark-start, PB=parsable bottom
|   0|0x0000000701800000, 0x0000000701a00000, 0x0000000701a00000|100%| O|  |TAMS 0x0000000701800000| PB 0x0000000701800000| Untracked 
|   1|0x0000000701a00000, 0x0000000701b73c10, 0x0000000701c00000| 72%| O|Cm|TAMS 0x0000000701a00000| PB 0x0000000701a00000| Complete 
|   2|0x0000000701c00000, 0x0000000701c00000, 0x0000000701e00000|  0%| F|  |TAMS 0x0000000701c00000| PB 0x0000000701c00000| Untracked 
|   3|0x0000000701e00000, 0x0000000701e84670, 0x0000000702000000| 25%| E|  |TAMS 0x0000000701e00000| PB 0x0000000701e00000| Complete 
|   4|0x0000000702000000, 0x0000000702200000, 0x0000000702200000|100%| E|CS|TAMS 0x0000000702000000| PB 0x0000000702000000| Complete 
|   5|0x0000000702200000, 0x0000000702400000, 0x0000000702400000|100%| E|CS|TAMS 0x0000000702200000| PB 0x0000000702200000| Complete 
|   6|0x0000000702400000, 0x0000000702600000, 0x0000000702600000|100%| E|CS|TAMS 0x0000000702400000| PB 0x0000000702400000| Complete 
|   7|0x0000000702600000, 0x0000000702800000, 0x0000000702800000|100%| E|CS|TAMS 0x0000000702600000| PB 0x0000000702600000| Complete 
| 117|0x0000000710200000, 0x00000007102f5aa0, 0x0000000710400000| 47%| S|CS|TAMS 0x0000000710200000| PB 0x0000000710200000| Complete 
| 127|0x0000000711600000, 0x0000000711800000, 0x0000000711800000|100%| E|CS|TAMS 0x0000000711600000| PB 0x0000000711600000| Complete 

Card table byte_map: [0x0000024cc52f0000,0x0000024cc5af0000] _byte_map_base: 0x0000024cc1ae4000

Marking Bits: (CMBitMap*) 0x0000024cb07ae200
 Bits: [0x0000024cc5af0000, 0x0000024cc9a90000)

Polling page: 0x0000024cb0800000

Metaspace:

Usage:
  Non-class:     21.90 MB used.
      Class:      2.38 MB used.
       Both:     24.28 MB used.

Virtual space:
  Non-class space:       64.00 MB reserved,      22.00 MB ( 34%) committed,  1 nodes.
      Class space:        1.00 GB reserved,       2.50 MB ( <1%) committed,  1 nodes.
             Both:        1.06 GB reserved,      24.50 MB (  2%) committed. 

Chunk freelists:
   Non-Class:  10.01 MB
       Class:  13.55 MB
        Both:  23.56 MB

MaxMetaspaceSize: unlimited
CompressedClassSpaceSize: 1.00 GB
Initial GC threshold: 21.00 MB
Current GC threshold: 35.25 MB
CDS: off
 - commit_granule_bytes: 65536.
 - commit_granule_words: 8192.
 - virtual_space_node_default_size: 8388608.
 - enlarge_chunks_in_place: 1.
 - use_allocation_guard: 0.


Internal statistics:

num_allocs_failed_limit: 3.
num_arena_births: 176.
num_arena_deaths: 0.
num_vsnodes_births: 2.
num_vsnodes_deaths: 0.
num_space_committed: 392.
num_space_uncommitted: 0.
num_chunks_returned_to_freelist: 3.
num_chunks_taken_from_freelist: 622.
num_chunk_merges: 3.
num_chunk_splits: 458.
num_chunks_enlarged: 359.
num_inconsistent_stats: 0.

CodeHeap 'non-profiled nmethods': size=120000Kb used=448Kb max_used=448Kb free=119551Kb
 bounds [0x0000024cbcb60000, 0x0000024cbcdd0000, 0x0000024cc4090000]
CodeHeap 'profiled nmethods': size=120000Kb used=2648Kb max_used=2648Kb free=117351Kb
 bounds [0x0000024cb5090000, 0x0000024cb5330000, 0x0000024cbc5c0000]
CodeHeap 'non-nmethods': size=5760Kb used=1776Kb max_used=1792Kb free=3983Kb
 bounds [0x0000024cbc5c0000, 0x0000024cbc830000, 0x0000024cbcb60000]
 total_blobs=2275 nmethods=1461 adapters=719
 compilation: enabled
              stopped_count=0, restarted_count=0
 full_count=0

Compilation events (20 events):
Event: 1.072 Thread 0x0000024ccc75ab50 1451       3       kotlin.jvm.internal.Intrinsics::areEqual (22 bytes)
Event: 1.072 Thread 0x0000024ccc75ab50 nmethod 1451 0x0000024cb5322110 code [0x0000024cb53222c0, 0x0000024cb5322520]
Event: 1.072 Thread 0x0000024ccc75ab50 1452       3       androidx.compose.runtime.SlotWriter::getCapacity (8 bytes)
Event: 1.072 Thread 0x0000024ccc75ab50 nmethod 1452 0x0000024cb5322610 code [0x0000024cb53227a0, 0x0000024cb53228e0]
Event: 1.072 Thread 0x0000024ccc75ab50 1453       3       androidx.compose.runtime.SlotWriter::dataIndexToDataAddress (19 bytes)
Event: 1.072 Thread 0x0000024ccc75ab50 nmethod 1453 0x0000024cb5322990 code [0x0000024cb5322b20, 0x0000024cb5322c88]
Event: 1.078 Thread 0x0000024ccc75ab50 1454       3       java.util.HashMap::tableSizeFor (32 bytes)
Event: 1.078 Thread 0x0000024ccc75ab50 nmethod 1454 0x0000024cb5322d10 code [0x0000024cb5322ec0, 0x0000024cb53230c8]
Event: 1.079 Thread 0x0000024ccc75ab50 1455       3       androidx.compose.runtime.IntStack::push (56 bytes)
Event: 1.079 Thread 0x0000024ccc75ab50 nmethod 1455 0x0000024cb5323190 code [0x0000024cb5323360, 0x0000024cb53235e0]
Event: 1.080 Thread 0x0000024ccc75ab50 1456       1       androidx.compose.runtime.snapshots.Snapshot::getId (5 bytes)
Event: 1.080 Thread 0x0000024ccc75ab50 nmethod 1456 0x0000024cbcbcfd10 code [0x0000024cbcbcfea0, 0x0000024cbcbcff68]
Event: 1.082 Thread 0x0000024ccc75ab50 1458       3       jdk.internal.org.objectweb.asm.MethodWriter::visitAnnotation (40 bytes)
Event: 1.082 Thread 0x0000024ccc75ab50 nmethod 1458 0x0000024cb5323710 code [0x0000024cb53238e0, 0x0000024cb5323ba8]
Event: 1.082 Thread 0x0000024ccc75ab50 1459       3       jdk.internal.org.objectweb.asm.AnnotationWriter::create (34 bytes)
Event: 1.083 Thread 0x0000024ccc75ab50 nmethod 1459 0x0000024cb5323c90 code [0x0000024cb5323e80, 0x0000024cb5324348]
Event: 1.083 Thread 0x0000024ccc75ab50 1460       3       jdk.internal.org.objectweb.asm.AnnotationWriter::visitEnd (44 bytes)
Event: 1.083 Thread 0x0000024ccc75ab50 nmethod 1460 0x0000024cb5324590 code [0x0000024cb5324720, 0x0000024cb53248c8]
Event: 1.083 Thread 0x0000024ccc75ab50 1461       3       java.lang.invoke.DirectMethodHandle::preparedLambdaForm (244 bytes)
Event: 1.083 Thread 0x0000024ccc75ab50 nmethod 1461 0x0000024cb5324a10 code [0x0000024cb5324d00, 0x0000024cb5325ca0]

GC Heap History (4 events):
Event: 0.532 GC heap before
{Heap before GC invocations=0 (full 0):
 garbage-first heap   total 262144K, used 20480K [0x0000000701800000, 0x0000000800000000)
  region size 2048K, 11 young (22528K), 0 survivors (0K)
 Metaspace       used 15519K, committed 15744K, reserved 1114112K
  class space    used 1405K, committed 1472K, reserved 1048576K
}
Event: 0.535 GC heap after
{Heap after GC invocations=1 (full 0):
 garbage-first heap   total 262144K, used 3688K [0x0000000701800000, 0x0000000800000000)
  region size 2048K, 2 young (4096K), 2 survivors (4096K)
 Metaspace       used 15519K, committed 15744K, reserved 1114112K
  class space    used 1405K, committed 1472K, reserved 1048576K
}
Event: 0.856 GC heap before
{Heap before GC invocations=1 (full 0):
 garbage-first heap   total 262144K, used 22120K [0x0000000701800000, 0x0000000800000000)
  region size 2048K, 12 young (24576K), 2 survivors (4096K)
 Metaspace       used 21318K, committed 21504K, reserved 1114112K
  class space    used 2023K, committed 2112K, reserved 1048576K
}
Event: 0.860 GC heap after
{Heap after GC invocations=2 (full 0):
 garbage-first heap   total 262144K, used 4517K [0x0000000701800000, 0x0000000800000000)
  region size 2048K, 1 young (2048K), 1 survivors (2048K)
 Metaspace       used 21318K, committed 21504K, reserved 1114112K
  class space    used 2023K, committed 2112K, reserved 1048576K
}

Dll operation events (2 events):
Event: 0.006 Loaded shared library C:\Program Files\Android\Android Studio\jbr\bin\java.dll
Event: 0.011 Loaded shared library C:\Program Files\Android\Android Studio\jbr\bin\zip.dll

Deoptimization events (20 events):
Event: 0.789 Thread 0x0000024cd17195e0 DEOPT PACKING pc=0x0000024cbcbbf6e0 sp=0x000000c086bfe0a0
Event: 0.789 Thread 0x0000024cd17195e0 DEOPT UNPACKING pc=0x0000024cbc6146a2 sp=0x000000c086bfdf98 mode 2
Event: 0.817 Thread 0x0000024cd17195e0 Uncommon trap: trap_request=0xffffffde fr.pc=0x0000024cbcbc215c relative=0x000000000000013c
Event: 0.817 Thread 0x0000024cd17195e0 Uncommon trap: reason=class_check action=maybe_recompile pc=0x0000024cbcbc215c method=jdk.internal.misc.Unsafe.allocateUninitializedArray(Ljava/lang/Class;I)Ljava/lang/Object; @ 51 c2
Event: 0.817 Thread 0x0000024cd17195e0 DEOPT PACKING pc=0x0000024cbcbc215c sp=0x000000c086bfd590
Event: 0.818 Thread 0x0000024cd17195e0 DEOPT UNPACKING pc=0x0000024cbc6146a2 sp=0x000000c086bfd508 mode 2
Event: 0.818 Thread 0x0000024cd17195e0 Uncommon trap: trap_request=0xffffffde fr.pc=0x0000024cbcbc215c relative=0x000000000000013c
Event: 0.818 Thread 0x0000024cd17195e0 Uncommon trap: reason=class_check action=maybe_recompile pc=0x0000024cbcbc215c method=jdk.internal.misc.Unsafe.allocateUninitializedArray(Ljava/lang/Class;I)Ljava/lang/Object; @ 51 c2
Event: 0.818 Thread 0x0000024cd17195e0 DEOPT PACKING pc=0x0000024cbcbc215c sp=0x000000c086bfd630
Event: 0.818 Thread 0x0000024cd17195e0 DEOPT UNPACKING pc=0x0000024cbc6146a2 sp=0x000000c086bfd5a8 mode 2
Event: 0.818 Thread 0x0000024cd17195e0 Uncommon trap: trap_request=0xffffffde fr.pc=0x0000024cbcbc215c relative=0x000000000000013c
Event: 0.818 Thread 0x0000024cd17195e0 Uncommon trap: reason=class_check action=maybe_recompile pc=0x0000024cbcbc215c method=jdk.internal.misc.Unsafe.allocateUninitializedArray(Ljava/lang/Class;I)Ljava/lang/Object; @ 51 c2
Event: 0.818 Thread 0x0000024cd17195e0 DEOPT PACKING pc=0x0000024cbcbc215c sp=0x000000c086bfd240
Event: 0.818 Thread 0x0000024cd17195e0 DEOPT UNPACKING pc=0x0000024cbc6146a2 sp=0x000000c086bfd1b8 mode 2
Event: 0.818 Thread 0x0000024cd17195e0 Uncommon trap: trap_request=0xffffffde fr.pc=0x0000024cbcbc215c relative=0x000000000000013c
Event: 0.818 Thread 0x0000024cd17195e0 Uncommon trap: reason=class_check action=maybe_recompile pc=0x0000024cbcbc215c method=jdk.internal.misc.Unsafe.allocateUninitializedArray(Ljava/lang/Class;I)Ljava/lang/Object; @ 51 c2
Event: 0.818 Thread 0x0000024cd17195e0 DEOPT PACKING pc=0x0000024cbcbc215c sp=0x000000c086bfd200
Event: 0.818 Thread 0x0000024cd17195e0 DEOPT UNPACKING pc=0x0000024cbc6146a2 sp=0x000000c086bfd178 mode 2
Event: 1.024 Thread 0x0000024cd17195e0 DEOPT PACKING pc=0x0000024cb5259474 sp=0x000000c086bfc990
Event: 1.024 Thread 0x0000024cd17195e0 DEOPT UNPACKING pc=0x0000024cbc614e42 sp=0x000000c086bfbea8 mode 0

Classes loaded (20 events):
Event: 0.974 Loading class sun/awt/im/InputMethodLocator
Event: 0.974 Loading class sun/awt/im/InputMethodLocator done
Event: 0.974 Loading class sun/awt/im/ExecutableInputMethodManager$3
Event: 0.974 Loading class sun/awt/im/ExecutableInputMethodManager$3 done
Event: 0.974 Loading class java/awt/peer/LightweightPeer
Event: 0.974 Loading class java/awt/peer/LightweightPeer done
Event: 0.975 Loading class sun/awt/LightweightPeerHolder
Event: 0.975 Loading class sun/awt/LightweightPeerHolder done
Event: 0.975 Loading class sun/awt/NullComponentPeer
Event: 0.975 Loading class sun/awt/NullComponentPeer done
Event: 1.024 Loading class java/util/regex/Pattern$BnM
Event: 1.024 Loading class java/util/regex/Pattern$BnM done
Event: 1.024 Loading class java/util/regex/Pattern$SliceS
Event: 1.024 Loading class java/util/regex/Pattern$SliceS done
Event: 1.025 Loading class java/util/Arrays$ArrayItr
Event: 1.025 Loading class java/util/Arrays$ArrayItr done
Event: 1.067 Loading class java/awt/event/PaintEvent
Event: 1.067 Loading class java/awt/event/PaintEvent done
Event: 1.081 Loading class java/util/UUID
Event: 1.081 Loading class java/util/UUID done

Classes unloaded (0 events):
No events

Classes redefined (0 events):
No events

Internal exceptions (20 events):
Event: 0.756 Thread 0x0000024cd17195e0 Exception <a 'java/io/FileNotFoundException'{0x0000000710a01200}> (0x0000000710a01200) 
thrown [s\src\hotspot\share\prims\jni.cpp, line 535]
Event: 0.757 Thread 0x0000024cd17195e0 Exception <a 'java/io/FileNotFoundException'{0x0000000710a081f0}> (0x0000000710a081f0) 
thrown [s\src\hotspot\share\prims\jni.cpp, line 535]
Event: 0.757 Thread 0x0000024cd17195e0 Exception <a 'java/io/FileNotFoundException'{0x0000000710a113a8}> (0x0000000710a113a8) 
thrown [s\src\hotspot\share\prims\jni.cpp, line 535]
Event: 0.758 Thread 0x0000024cd17195e0 Exception <a 'java/io/FileNotFoundException'{0x0000000710a17c68}> (0x0000000710a17c68) 
thrown [s\src\hotspot\share\prims\jni.cpp, line 535]
Event: 0.758 Thread 0x0000024cd17195e0 Exception <a 'java/io/FileNotFoundException'{0x0000000710a1ccc0}> (0x0000000710a1ccc0) 
thrown [s\src\hotspot\share\prims\jni.cpp, line 535]
Event: 0.759 Thread 0x0000024cd17195e0 Exception <a 'java/io/FileNotFoundException'{0x0000000710a24050}> (0x0000000710a24050) 
thrown [s\src\hotspot\share\prims\jni.cpp, line 535]
Event: 0.759 Thread 0x0000024cd17195e0 Exception <a 'java/io/FileNotFoundException'{0x0000000710a2b550}> (0x0000000710a2b550) 
thrown [s\src\hotspot\share\prims\jni.cpp, line 535]
Event: 0.760 Thread 0x0000024cd17195e0 Exception <a 'java/io/FileNotFoundException'{0x0000000710a31f18}> (0x0000000710a31f18) 
thrown [s\src\hotspot\share\prims\jni.cpp, line 535]
Event: 0.760 Thread 0x0000024cd17195e0 Exception <a 'java/io/FileNotFoundException'{0x0000000710a3b838}> (0x0000000710a3b838) 
thrown [s\src\hotspot\share\prims\jni.cpp, line 535]
Event: 0.761 Thread 0x0000024cd17195e0 Exception <a 'java/io/FileNotFoundException'{0x0000000710a422a8}> (0x0000000710a422a8) 
thrown [s\src\hotspot\share\prims\jni.cpp, line 535]
Event: 0.761 Thread 0x0000024cd17195e0 Exception <a 'java/io/FileNotFoundException'{0x0000000710a49490}> (0x0000000710a49490) 
thrown [s\src\hotspot\share\prims\jni.cpp, line 535]
Event: 0.788 Thread 0x0000024cd17195e0 Exception <a 'java/lang/NoSuchMethodError'{0x0000000710b27d38}: 'int java.lang.invoke.Invokers$Holder.invokeExact_MT(java.lang.Object, java.lang.Object)'> (0x0000000710b27d38) 
thrown [s\src\hotspot\share\interpreter\linkResolver.cpp, line 784]
Event: 0.789 Thread 0x0000024cd17195e0 Implicit null exception at 0x0000024cbcbbf440 to 0x0000024cbcbbf6c4
Event: 0.799 Thread 0x0000024cd17195e0 Exception <a 'java/lang/NoSuchMethodError'{0x0000000710bf00f8}: 'void java.lang.invoke.DirectMethodHandle$Holder.invokeStatic(java.lang.Object, java.lang.Object, java.lang.Object)'> (0x0000000710bf00f8) 
thrown [s\src\hotspot\share\interpreter\linkResolver.cpp, line 784]
Event: 0.833 Thread 0x0000024cd17195e0 Exception <a 'java/lang/NoSuchMethodError'{0x0000000710609d40}: 'void java.lang.invoke.DirectMethodHandle$Holder.invokeStaticInit(java.lang.Object, java.lang.Object)'> (0x0000000710609d40) 
thrown [s\src\hotspot\share\interpreter\linkResolver.cpp, line 784]
Event: 0.883 Thread 0x0000024cd17195e0 Exception <a 'java/lang/NoSuchMethodError'{0x00000007026bafa0}: 'double java.lang.invoke.DirectMethodHandle$Holder.invokeStatic(java.lang.Object, double)'> (0x00000007026bafa0) 
thrown [s\src\hotspot\share\interpreter\linkResolver.cpp, line 784]
Event: 0.883 Thread 0x0000024cd17195e0 Exception <a 'java/lang/NoSuchMethodError'{0x00000007026be7a8}: 'double java.lang.invoke.DirectMethodHandle$Holder.invokeStaticInit(java.lang.Object, double)'> (0x00000007026be7a8) 
thrown [s\src\hotspot\share\interpreter\linkResolver.cpp, line 784]
Event: 0.887 Thread 0x0000024cd17195e0 Exception <a 'java/lang/NoSuchMethodError'{0x00000007026f3f28}: 'java.lang.Object java.lang.invoke.DirectMethodHandle$Holder.newInvokeSpecial(java.lang.Object, double)'> (0x00000007026f3f28) 
thrown [s\src\hotspot\share\interpreter\linkResolver.cpp, line 784]
Event: 0.954 Thread 0x0000024cd13c0df0 Exception <a 'java/lang/NoSuchMethodError'{0x000000070208cc40}: 'void java.lang.invoke.DirectMethodHandle$Holder.invokeVirtual(java.lang.Object, java.lang.Object)'> (0x000000070208cc40) 
thrown [s\src\hotspot\share\interpreter\linkResolver.cpp, line 784]
Event: 1.082 Thread 0x0000024cd17195e0 Exception <a 'java/lang/NoSuchMethodError'{0x0000000701e34438}: 'java.lang.Object java.lang.invoke.DirectMethodHandle$Holder.invokeStatic(java.lang.Object, java.lang.Object, int)'> (0x0000000701e34438) 
thrown [s\src\hotspot\share\interpreter\linkResolver.cpp, line 784]

ZGC Phase Switch (0 events):
No events

VM Operations (20 events):
Event: 0.132 Executing VM operation: HandshakeAllThreads (Deoptimize)
Event: 0.132 Executing VM operation: HandshakeAllThreads (Deoptimize) done
Event: 0.234 Executing VM operation: HandshakeAllThreads (Deoptimize)
Event: 0.234 Executing VM operation: HandshakeAllThreads (Deoptimize) done
Event: 0.357 Executing VM operation: HandshakeAllThreads (Deoptimize)
Event: 0.357 Executing VM operation: HandshakeAllThreads (Deoptimize) done
Event: 0.532 Executing VM operation: G1CollectForAllocation (G1 Evacuation Pause)
Event: 0.535 Executing VM operation: G1CollectForAllocation (G1 Evacuation Pause) done
Event: 0.809 Executing VM operation: HandshakeAllThreads (Deoptimize)
Event: 0.809 Executing VM operation: HandshakeAllThreads (Deoptimize) done
Event: 0.812 Executing VM operation: HandshakeAllThreads (Deoptimize)
Event: 0.812 Executing VM operation: HandshakeAllThreads (Deoptimize) done
Event: 0.856 Executing VM operation: CollectForMetadataAllocation (Metadata GC Threshold)
Event: 0.860 Executing VM operation: CollectForMetadataAllocation (Metadata GC Threshold) done
Event: 0.862 Executing VM operation: G1PauseRemark
Event: 0.863 Executing VM operation: G1PauseRemark done
Event: 0.864 Executing VM operation: G1PauseCleanup
Event: 0.864 Executing VM operation: G1PauseCleanup done
Event: 1.024 Executing VM operation: HandshakeAllThreads (Deoptimize)
Event: 1.024 Executing VM operation: HandshakeAllThreads (Deoptimize) done

Memory protections (0 events):
No events

Nmethod flushes (0 events):
No events

Events (20 events):
Event: 0.108 Loaded shared library C:\Program Files\Android\Android Studio\jbr\bin\net.dll
Event: 0.109 Loaded shared library C:\Program Files\Android\Android Studio\jbr\bin\nio.dll
Event: 0.130 Loaded shared library C:\Program Files\Android\Android Studio\jbr\bin\zip.dll
Event: 0.146 Thread 0x0000024ccc75ab50 Thread added: 0x0000024ccc9fba60
Event: 0.230 Loaded shared library C:\Program Files\Android\Android Studio\jbr\bin\jimage.dll
Event: 0.240 Loaded shared library C:\Users\Sergey\.skiko\ec6bc0f7306786ecca7e44964c7c5c0e40049680f07b151b50515efdfa5bea73\skiko-windows-x64.dll
Event: 0.268 Loaded shared library C:\Program Files\Android\Android Studio\jbr\bin\awt.dll
Event: 0.337 Thread 0x0000024cb0547230 Thread added: 0x0000024cd13b5a60
Event: 0.338 Thread 0x0000024cb0547230 Thread added: 0x0000024cd13b6be0
Event: 0.339 Thread 0x0000024cb0547230 Thread added: 0x0000024cd13c0df0
Event: 0.446 Thread 0x0000024cb0547230 Thread added: 0x0000024cd1484710
Event: 0.446 Thread 0x0000024cb0547230 Thread added: 0x0000024cd15ff1f0
Event: 0.447 Thread 0x0000024cd1484710 Thread added: 0x0000024cd15e3c80
Event: 0.450 Thread 0x0000024cb0547230 Thread added: 0x0000024cd17049d0
Event: 0.456 Thread 0x0000024cd1484710 Thread added: 0x0000024cd17278e0
Event: 0.477 Thread 0x0000024cb0547230 Thread added: 0x0000024cd17195e0
Event: 0.628 Loaded shared library C:\Program Files\Android\Android Studio\jbr\bin\freetype.dll
Event: 0.629 Loaded shared library C:\Program Files\Android\Android Studio\jbr\bin\fontmanager.dll
Event: 0.834 Thread 0x0000024cd17195e0 Thread added: 0x0000024cd171a300
Event: 1.086 Loaded shared library D:\work\PROJ\kmm_test\droid_share_jc\libs\libWinBleNativeApi.dll


Dynamic libraries:
0x00007ff628550000 - 0x00007ff62855a000 	C:\Program Files\Android\Android Studio\jbr\bin\java.exe
0x00007fffe8bd0000 - 0x00007fffe8de7000 	C:\WINDOWS\SYSTEM32\ntdll.dll
0x00007fffe7be0000 - 0x00007fffe7ca4000 	C:\WINDOWS\System32\KERNEL32.DLL
0x00007fffe6250000 - 0x00007fffe660a000 	C:\WINDOWS\System32\KERNELBASE.dll
0x00007fffe6010000 - 0x00007fffe6121000 	C:\WINDOWS\System32\ucrtbase.dll
0x00007fffdefe0000 - 0x00007fffdeff8000 	C:\Program Files\Android\Android Studio\jbr\bin\jli.dll
0x00007fffe1af0000 - 0x00007fffe1b0b000 	C:\Program Files\Android\Android Studio\jbr\bin\VCRUNTIME140.dll
0x00007fffe7cb0000 - 0x00007fffe7e5e000 	C:\WINDOWS\System32\USER32.dll
0x00007fffcc9b0000 - 0x00007fffccc42000 	C:\WINDOWS\WinSxS\amd64_microsoft.windows.common-controls_6595b64144ccf1df_6.0.22621.4541_none_2710d1c57384c085\COMCTL32.dll
0x00007fffe5fe0000 - 0x00007fffe6006000 	C:\WINDOWS\System32\win32u.dll
0x00007fffe7670000 - 0x00007fffe7717000 	C:\WINDOWS\System32\msvcrt.dll
0x00007fffe77b0000 - 0x00007fffe77d9000 	C:\WINDOWS\System32\GDI32.dll
0x00007fffe5e90000 - 0x00007fffe5fab000 	C:\WINDOWS\System32\gdi32full.dll
0x00007fffe61b0000 - 0x00007fffe624a000 	C:\WINDOWS\System32\msvcp_win.dll
0x00007fffe78d0000 - 0x00007fffe7901000 	C:\WINDOWS\System32\IMM32.DLL
0x00007fffe1b30000 - 0x00007fffe1b3c000 	C:\Program Files\Android\Android Studio\jbr\bin\vcruntime140_1.dll
0x00007fffb3f90000 - 0x00007fffb401d000 	C:\Program Files\Android\Android Studio\jbr\bin\msvcp140.dll
0x00007fff62ed0000 - 0x00007fff63b53000 	C:\Program Files\Android\Android Studio\jbr\bin\server\jvm.dll
0x00007fffe68c0000 - 0x00007fffe6972000 	C:\WINDOWS\System32\ADVAPI32.dll
0x00007fffe7ea0000 - 0x00007fffe7f47000 	C:\WINDOWS\System32\sechost.dll
0x00007fffe5fb0000 - 0x00007fffe5fd8000 	C:\WINDOWS\System32\bcrypt.dll
0x00007fffe7ac0000 - 0x00007fffe7bd4000 	C:\WINDOWS\System32\RPCRT4.dll
0x00007fffe77e0000 - 0x00007fffe7851000 	C:\WINDOWS\System32\WS2_32.dll
0x00007fffe4ce0000 - 0x00007fffe4d2d000 	C:\WINDOWS\SYSTEM32\POWRPROF.dll
0x00007fffde250000 - 0x00007fffde284000 	C:\WINDOWS\SYSTEM32\WINMM.dll
0x00007fffd5480000 - 0x00007fffd548a000 	C:\WINDOWS\SYSTEM32\VERSION.dll
0x00007fffe4cc0000 - 0x00007fffe4cd3000 	C:\WINDOWS\SYSTEM32\UMPDC.dll
0x00007fffe4f80000 - 0x00007fffe4f98000 	C:\WINDOWS\SYSTEM32\kernel.appcore.dll
0x00007fffe1ad0000 - 0x00007fffe1ada000 	C:\Program Files\Android\Android Studio\jbr\bin\jimage.dll
0x00007fffe3900000 - 0x00007fffe3b32000 	C:\WINDOWS\SYSTEM32\DBGHELP.DLL
0x00007fffe69a0000 - 0x00007fffe6d31000 	C:\WINDOWS\System32\combase.dll
0x00007fffe7580000 - 0x00007fffe7657000 	C:\WINDOWS\System32\OLEAUT32.dll
0x00007fffcf810000 - 0x00007fffcf842000 	C:\WINDOWS\SYSTEM32\dbgcore.DLL
0x00007fffe6840000 - 0x00007fffe68bb000 	C:\WINDOWS\System32\bcryptPrimitives.dll
0x00007fffdf820000 - 0x00007fffdf840000 	C:\Program Files\Android\Android Studio\jbr\bin\java.dll
0x00007fffdf6f0000 - 0x00007fffdf708000 	C:\Program Files\Android\Android Studio\jbr\bin\zip.dll
0x00007fffe82b0000 - 0x00007fffe8b29000 	C:\WINDOWS\System32\SHELL32.dll
0x00007fffe3d60000 - 0x00007fffe4669000 	C:\WINDOWS\SYSTEM32\windows.storage.dll
0x00007fffe3c20000 - 0x00007fffe3d5f000 	C:\WINDOWS\SYSTEM32\wintypes.dll
0x00007fffe6d40000 - 0x00007fffe6e3a000 	C:\WINDOWS\System32\SHCORE.dll
0x00007fffe7870000 - 0x00007fffe78ce000 	C:\WINDOWS\System32\shlwapi.dll
0x00007fffe5dc0000 - 0x00007fffe5deb000 	C:\WINDOWS\SYSTEM32\profapi.dll
0x00007fffe1ac0000 - 0x00007fffe1ad0000 	C:\Program Files\Android\Android Studio\jbr\bin\net.dll
0x00007fffdec10000 - 0x00007fffded46000 	C:\WINDOWS\SYSTEM32\WINHTTP.dll
0x00007fffe5420000 - 0x00007fffe5489000 	C:\WINDOWS\system32\mswsock.dll
0x00007fffdf070000 - 0x00007fffdf086000 	C:\Program Files\Android\Android Studio\jbr\bin\nio.dll
0x00007fff497a0000 - 0x00007fff4a836000 	C:\Users\Sergey\.skiko\ec6bc0f7306786ecca7e44964c7c5c0e40049680f07b151b50515efdfa5bea73\skiko-windows-x64.dll
0x00007fffe7910000 - 0x00007fffe7ab5000 	C:\WINDOWS\System32\ole32.dll
0x00007fffe3130000 - 0x00007fffe315b000 	C:\WINDOWS\SYSTEM32\dwmapi.dll
0x00007fffe27e0000 - 0x00007fffe28e1000 	C:\WINDOWS\SYSTEM32\PROPSYS.dll
0x00007fff90df0000 - 0x00007fff90f88000 	C:\Program Files\Android\Android Studio\jbr\bin\awt.dll
0x00007fffd2a50000 - 0x00007fffd2a94000 	C:\Program Files\Android\Android Studio\jbr\bin\nvdaControllerClient64.dll
0x00007fffe2b70000 - 0x00007fffe2c07000 	C:\WINDOWS\SYSTEM32\apphelp.dll
0x00007fffe2f20000 - 0x00007fffe2fd1000 	C:\WINDOWS\system32\uxtheme.dll
0x00007fffe72c0000 - 0x00007fffe7421000 	C:\WINDOWS\System32\MSCTF.dll
0x00007fffbe240000 - 0x00007fffbe340000 	C:\WINDOWS\system32\opengl32.dll
0x00007fffc1be0000 - 0x00007fffc1c0d000 	C:\WINDOWS\SYSTEM32\GLU32.dll
0x00007fffe3190000 - 0x00007fffe31c7000 	C:\WINDOWS\SYSTEM32\dxcore.dll
0x00007fffb5dc0000 - 0x00007fffb5e47000 	C:\Program Files\Android\Android Studio\jbr\bin\freetype.dll
0x00007fff911f0000 - 0x00007fff912d5000 	C:\Program Files\Android\Android Studio\jbr\bin\fontmanager.dll
0x00007fffe0ce0000 - 0x00007fffe0f53000 	C:\WINDOWS\SYSTEM32\dwrite.dll
0x00007fffd0c90000 - 0x00007fffd0e4a000 	C:\WINDOWS\WinSxS\amd64_microsoft.windows.gdiplus_6595b64144ccf1df_1.1.22621.4746_none_57fb527ace17bb1a\gdiplus.dll
0x00007fffe7fd0000 - 0x00007fffe8080000 	C:\WINDOWS\System32\clbcatq.dll
0x00007fffe2d70000 - 0x00007fffe2f20000 	C:\WINDOWS\SYSTEM32\WindowsCodecs.dll
0x00007fffc0350000 - 0x00007fffc03ae000 	C:\WINDOWS\system32\dataexchange.dll
0x00007fffdac90000 - 0x00007fffdaf34000 	C:\WINDOWS\system32\twinapi.appcore.dll
0x00007fffdfa20000 - 0x00007fffdfa27000 	C:\Program Files\Android\Android Studio\jbr\bin\jawt.dll
0x00007fffe3020000 - 0x00007fffe3117000 	C:\WINDOWS\SYSTEM32\Dxgi.dll
0x00007fffddac0000 - 0x00007fffddb09000 	C:\WINDOWS\SYSTEM32\directxdatabasehelper.dll
0x00007fffc1e70000 - 0x00007fffc1e96000 	C:\WINDOWS\SYSTEM32\D3D12.dll
0x00007fff53a50000 - 0x00007fff53c52000 	C:\WINDOWS\SYSTEM32\D3D12Core.dll
0x00007fffe5b80000 - 0x00007fffe5bce000 	C:\WINDOWS\SYSTEM32\cfgmgr32.dll
0x00007fffd5ef0000 - 0x00007fffd8c7f000 	C:\WINDOWS\System32\DriverStore\FileRepository\iigd_dch.inf_amd64_c34fd594e40bf436\igc64.dll
0x00007fff48c80000 - 0x00007fff49793000 	C:\WINDOWS\System32\DriverStore\FileRepository\iigd_dch.inf_amd64_c34fd594e40bf436\igd12umd64.dll
0x00007fffe6610000 - 0x00007fffe6776000 	C:\WINDOWS\System32\CRYPT32.dll
0x00007fffd8c80000 - 0x00007fffd8fb6000 	C:\WINDOWS\System32\DriverStore\FileRepository\iigd_dch.inf_amd64_c34fd594e40bf436\igdgmm64.dll
0x00007fffb3f60000 - 0x00007fffb3f8f000 	C:\WINDOWS\SYSTEM32\D3DSCache.dll
0x00007fffe5510000 - 0x00007fffe5538000 	C:\WINDOWS\SYSTEM32\USERENV.dll
0x00007fff2b220000 - 0x00007fff2f497000 	C:\WINDOWS\System32\DriverStore\FileRepository\iigd_dch.inf_amd64_c34fd594e40bf436\igd12dxva64.dll
0x00007fffe6e40000 - 0x00007fffe72b4000 	C:\WINDOWS\System32\SETUPAPI.dll
0x00007fffbba10000 - 0x00007fffbba37000 	C:\WINDOWS\System32\DriverStore\FileRepository\iigd_dch.inf_amd64_c34fd594e40bf436\igdinfo64.dll
0x00007fff53850000 - 0x00007fff53a4b000 	D:\work\PROJ\kmm_test\droid_share_jc\libs\libWinBleNativeApi.dll
0x00007fffddb10000 - 0x00007fffddd4d000 	C:\Windows\System32\Windows.Devices.Bluetooth.dll

dbghelp: loaded successfully - version: 4.0.5 - missing functions: none
symbol engine: initialized successfully - sym options: 0x614 - pdb path: .;C:\Program Files\Android\Android Studio\jbr\bin;C:\WINDOWS\SYSTEM32;C:\WINDOWS\WinSxS\amd64_microsoft.windows.common-controls_6595b64144ccf1df_6.0.22621.4541_none_2710d1c57384c085;C:\Program Files\Android\Android Studio\jbr\bin\server;C:\Users\Sergey\.skiko\ec6bc0f7306786ecca7e44964c7c5c0e40049680f07b151b50515efdfa5bea73;C:\WINDOWS\WinSxS\amd64_microsoft.windows.gdiplus_6595b64144ccf1df_1.1.22621.4746_none_57fb527ace17bb1a;C:\WINDOWS\System32\DriverStore\FileRepository\iigd_dch.inf_amd64_c34fd594e40bf436;D:\work\PROJ\kmm_test\droid_share_jc\libs

VM Arguments:
jvm_args: -Dcompose.application.configure.swing.globals=true -Dcompose.application.resources.dir=D:\work\PROJ\kmm_test\droid_share_jc\composeApp\build\compose\tmp\prepareAppResources -Dfile.encoding=UTF-8 -Duser.country=RU -Duser.language=ru -Duser.variant 
java_command: org.example.project.MainKt
java_class_path (initial): D:\work\PROJ\kmm_test\droid_share_jc\composeApp\build\libs\composeApp-desktop.jar;D:\work\PROJ\kmm_test\droid_share_jc\libs\WinBleNativeApi.jar;C:\Users\Sergey\.gradle\caches\modules-2\files-2.1\org.jetbrains.compose.desktop\desktop-jvm\1.7.0\128a1262fd72c68277ebadf308a07ff086206f8e\desktop-jvm-1.7.0.jar;C:\Users\Sergey\.gradle\caches\modules-2\files-2.1\org.jetbrains.compose.material\material-desktop\1.7.0\29cccd4e48b2f071e85c1eaf2f59def91d68eb8\material-desktop-1.7.0.jar;C:\Users\Sergey\.gradle\caches\modules-2\files-2.1\org.jetbrains.compose.components\components-resources-desktop\1.7.0\aeb1cd8677ec680fcf716aecbaf1a2aafc217622\library-desktop-1.7.0.jar;C:\Users\Sergey\.gradle\caches\modules-2\files-2.1\org.jetbrains.compose.material\material-ripple-desktop\1.7.0\42b03965266ad123672e8a87f98d914dc8c072bf\material-ripple-desktop-1.7.0.jar;C:\Users\Sergey\.gradle\caches\modules-2\files-2.1\org.jetbrains.compose.foundation\foundation-desktop\1.7.0\6851b9b4d93e3bba301eeb94242a59863026dc8d\foundation-desktop-1.7.0.jar;C:\Users\Sergey\.gradle\caches\modules-2\files-2.1\org.jetbrains.compose.animation\animation-desktop\1.7.0\2c5c8a0279b37285f6fa2e65affab9a5ca3d2e05\animation-desktop-1.7.0.jar;C:\Users\Sergey\.gradle\caches\modules-2\files-2.1\org.jetbrains.compose.foundation\foundation-layout-desktop\1.7.0\99ee09906c30143ece1a7e9d1ab25db99ca65876\foundation-layout-desktop-1.7.0.jar;C:\Users\Sergey\.gradle\caches\modules-2\files-2.1\org.jetbrains.compose.animation\animation-core-desktop\1.7.0\3f9e8ac3f4804e7029a0f8f8955ebd7dc8075516\animation-core-desktop-1.7.0.jar;C:\Users\Sergey\.gradle\caches\modules-2\files-2.1\org.jetbrains.compose.material\material-icons-core-desktop\1.7.0\414b3096050fe647b0638832eace80f22c06b85c\material-icons-core-desktop-1.7.0.jar;C:\Users\Sergey\.gradle\caches\modules-2\files-2.1\org.jetbrains.compose.ui\ui-desktop\1.7.0\da1d07709414cb57d887a8a5d05b523dd52fd200\ui-desktop-1.7.0.jar;C:\Users\Sergey\.gradle\caches\modules-2\files-2.1\org.jetbrains.androidx.lifecycle\lifecycle-runtime-compose-desktop\2.8.4\e950e2a504a045ac652718dc20e736f28c5ff4c2\lifecycle-runtime-compose-desktop-2.8.4.jar;C:\Users\Sergey\.gradle\caches\modules-2\files-2.1\org.jetbrains.compose.ui\ui-text-desktop\1.7.0\9fcd54866d7c2132d921b337ad8967f90cc25b85\ui-text-desktop-1.7.0.jar;C:\Users\Sergey\.gradle\caches\modules-2\files-2.1\org.jetbrains.compose.runtime\runtime-saveable-desktop\1.7.0\16cec893bca783af229978ba2091f58eea6906c1\runtime-saveable-desktop-1.7.0.jar;C:\Users\Sergey\.gradle\caches\modules-2\files-2.1\org.jetbrains.compose.ui\ui-graphics-desktop\1.7.0\636fab3892b2e789b1086b1872104324182d305a\ui-graphics-desktop-1.7.0.jar;C:\Users\Sergey\.gradle\caches\modules-2\files-2.1\org.jetbrains.compose.ui\ui-unit-desktop\1.7.0\fecd4bde2d2f1cfbe2118d175ec7030a50e63f20\ui-unit-desktop-1.7.0.jar;C:\Users\Sergey\.gradle\caches\modules-2\files-2.1\org.jetbrains.compose.ui\ui-geometry-desktop\1.7.0\dfc47c11ec416d93f53ae19103143d741a3d8b14\ui-geometry-desktop-1.7.0.jar;C:\Users\Sergey\.gradle\caches\modules-2\files-2.1\org.jetbrains.compose.ui\ui-tooling-preview-desktop\1.7.0\62232c44c61692b56d3071c29b0f9c8481b20574\ui-tooling-preview-desktop-1.7.0.jar;C:\Users\Sergey\.gradle\caches\modules-2\files-2.1\org.jetbrains.compose.runtime\runtime-desktop\1.7.0\c7ec36fb96961f1cd208a4e0daab62eebb1e3728\runtime-desktop-1.7.0.jar;C:\Users\Sergey\.gradle\caches\modules-2\files-2.1\com.appstractive\dns-sd-kt-jvm\1.0.4\2e5a7f81ebc70240a1e8a9b1fe36d984e6f7b7a6\dns-sd-kt-jvm-1.0.4.jar;C:\Users\Sergey\.gradle\caches\modules-2\files-2.1\androidx.lifecycle\lifecycle-runtime-desktop\2.8.5\fed8b9973735cbe77645edf153d5f7bb412bfd45\lifecycle-runtime-desktop-2.8.5.jar;C:\Users\Sergey\.gradle\caches\modules-2\files-2.1\androidx.lifecycle\lifecycle-viewmodel-compose-desktop\2.8.5\c494005605ed5c2b5e760f2b3f7b5b1e72190c6f\lifecycle-viewmodel-compose-desktop-2.8.5.jar;C:\Users\Sergey\.gradle\caches\modules-2\files-2.1\androidx.lifecycle\lifecycle-common-jvm\2.8.5\7174a594afb73a9ad9ac9074ce78b94af3cc52a7\lifecycle-common-jvm-2.8.5.jar;C:\Users\Sergey\.gradle\caches\modules-2\files-2.1\androidx.lifecycle\lifecycle-viewmodel-desktop\2.8.5\572f6fed6a70c5d87c9a0d17d05828ff1a6f19f8\lifecycle-viewmodel-desktop-2.8.5.jar;C:\Users\Sergey\.gradle\caches\modules-2\files-2.1\org.jetbrains.skiko\skiko-awt-runtime-windows-x64\0.8.15\8f3d1d6d4f3f168305cc1230c07dec7362fa7b00\skiko-awt-runtime-windows-x64-0.8.15.jar;C:\Users\Sergey\.gradle\caches\modules-2\files-2.1\org.jetbrains.skiko\skiko-awt\0.8.15\bbcde58bebd8e48188bbf4b5ed10a91f3b0a84a0\skiko-awt-0.8.15.jar;C:\Users\Sergey\.gradle\caches\modules-2\files-2.1\androidx.compose.runtime\runtime-desktop\1.6.0\a3bf2becdecff9e2d06b50b18370837206b6ac9e\runtime-desktop-1.6.0.jar;C:\Users\Sergey\.gradle\caches\modules-2\files-2.1\org.jetbrains.kotlinx\kotlinx-coroutines-core-jvm\1.9.0\9beade4c1c1569e4f36cbd2c37e02e3e41502601\kotlinx-coroutines-core-jvm-1.9.0.jar;C:\Users\Sergey\.gradle\caches\modules-2\files-2.1\org.jetbrains.kotlinx\kotlinx-coroutines-swing\1.9.0\4327447ba45a17aca24d2e2be7f9f5b44dd695a5\kotlinx-coroutines-swing-1.9.0.jar;C:\Users\Sergey\.gradle\caches\modules-2\files-2.1\org.jetbrains.compose.components\components-ui-tooling-preview-desktop\1.7.0\8f7a6367fc68382f164dd64ef4b88f98a531b612\library-desktop-1.7.0.jar;C:\Users\Sergey\.gradle\caches\modules-2\files-2.1\org.jetbrains.kotlin\kotlin-stdlib-jdk8\1.9.24\a2f6d82081a54b52ceb120c5a18f87402ccab0c\kotlin-stdlib-jdk8-1.9.24.jar;C:\Users\Sergey\.gradle\caches\modules-2\files-2.1\org.jetbrains.kotlinx\atomicfu-jvm\0.23.2\a4601dc42dceb031a586058e8356ff778a57dea0\atomicfu-jvm-0.23.2.jar;C:\Users\Sergey\.gradle\caches\modules-2\files-2.1\org.jetbrains.compose.ui\ui-util-desktop\1.7.0\3c2234b2741de97514d440cfa08fa243ef87ce53\ui-util-desktop-1.7.0.jar;C:\Users\Sergey\.gradle\caches\modules-2\files-2.1\androidx.arch.core\core-common\2.2.0\5e1b8b81dfd5f52c56a8d53b18ca759c19a301f3\core-common-2.2.0.jar;C:\Users\Sergey\.gradle\caches\modules-2\files-2.1\androidx.collection\collection-jvm\1.4.0\e209fb7bd1183032f55a0408121c6251a81acb49\collection-jvm-1.4.0.jar;C:\Users\Sergey\.gradle\caches\modules-2\files-2.1\androidx.annotation\annotation-jvm\1.8.0\b8a16fe526014b7941c1debaccaf9c5153692dbb\annotation-jvm-1.8.0.jar;C:\Users\Sergey\.gradle\caches\modules-2\files-2.1\org.jetbrains.kotlin\kotlin-stdlib-jdk7\1.9.24\46b6e1099acabc71feca1c0013deee78e6793d07\kotlin-stdlib-jdk7-1.9.24.jar;C:\Users\Sergey\.gradle\caches\modules-2\files-2.1\org.jetbrains.kotlin\kotlin-stdlib\2.1.0\85f8b81009cda5890e54ba67d64b5e599c645020\kotlin-stdlib-2.1.0.jar;C:\Users\Sergey\.gradle\caches\modules-2\files-2.1\org.apache.logging.log4j\log4j-slf4j2-impl\2.20.0\155c8b9bbdac91d8461d9a403a646e6bd0d365d8\log4j-slf4j2-impl-2.20.0.jar;C:\Users\Sergey\.gradle\caches\modules-2\files-2.1\ch.qos.logback\logback-classic\1.5.16\113979db51dfad6dc895b34460d7b7ff64ffe7d2\logback-classic-1.5.16.jar;C:\Users\Sergey\.gradle\caches\modules-2\files-2.1\com.github.weliem.blessed-bluez\blessed\0.64\2039129261e359881f625c20626c6e275dcc083\blessed-0.64.jar;C:\Users\Sergey\.gradle\caches\modules-2\files-2.1\com.github.hypfvieh\dbus-java-transport-native-unixsocket\4.3.2\505a9adc081f31405b2d513502d29c4addfcb02a\dbus-java-transport-native-unixsocket-4.3.2.jar;C:\Users\Sergey\.gradle\caches\modules-2\files-2.1\org.jetbrains\annotations\23.0.0\8cc20c07506ec18e0834947b84a864bfc094484e\annotations-23.0.0.jar;C:\Users\Sergey\.gradle\caches\modules-2\files-2.1\org.apache.logging.log4j\log4j-core\2.20.0\eb2a9a47b1396e00b5eee1264296729a70565cc0\log4j-core-2.20.0.jar;C:\Users\Sergey\.gradle\caches\modules-2\files-2.1\org.apache.logging.log4j\log4j-api\2.20.0\1fe6082e660daf07c689a89c94dc0f49c26b44bb\log4j-api-2.20.0.jar;C:\Users\Sergey\.gradle\caches\modules-2\files-2.1\com.github.hypfvieh\dbus-java-core\4.3.2\83d98e2cbc73f96d558669c01b1df1f95f3bd0dd\dbus-java-core-4.3.2.jar;C:\Users\Sergey\.gradle\caches\modules-2\files-2.1\org.jmdns\jmdns\3.6.0\5fff1c1db5723a301c47de4cf9627def14b73464\jmdns-3.6.0.jar;C:\Users\Sergey\.gradle\caches\modules-2\files-2.1\org.slf4j\slf4j-api\2.0.16\172931663a09a1fa515567af5fbef00897d3c04\slf4j-api-2.0.16.jar;C:\Users\Sergey\.gradle\caches\modules-2\files-2.1\ch.qos.logback\logback-core\1.5.16\4f17700f046900aea2fadf115e2d67fec921f7fd\logback-core-1.5.16.jar
Launcher Type: SUN_STANDARD

[Global flags]
     intx CICompilerCount                          = 4                                         {product} {ergonomic}
     uint ConcGCThreads                            = 2                                         {product} {ergonomic}
     uint G1ConcRefinementThreads                  = 8                                         {product} {ergonomic}
   size_t G1HeapRegionSize                         = 2097152                                   {product} {ergonomic}
    uintx GCDrainStackTargetSize                   = 64                                        {product} {ergonomic}
   size_t InitialHeapSize                          = 268435456                                 {product} {ergonomic}
   size_t MarkStackSize                            = 4194304                                   {product} {ergonomic}
   size_t MaxHeapSize                              = 4269801472                                {product} {ergonomic}
   size_t MaxNewSize                               = 2560622592                                {product} {ergonomic}
   size_t MinHeapDeltaBytes                        = 2097152                                   {product} {ergonomic}
   size_t MinHeapSize                              = 8388608                                   {product} {ergonomic}
    uintx NonNMethodCodeHeapSize                   = 5839372                                {pd product} {ergonomic}
    uintx NonProfiledCodeHeapSize                  = 122909434                              {pd product} {ergonomic}
    uintx ProfiledCodeHeapSize                     = 122909434                              {pd product} {ergonomic}
    uintx ReservedCodeCacheSize                    = 251658240                              {pd product} {ergonomic}
     bool SegmentedCodeCache                       = true                                      {product} {ergonomic}
   size_t SoftMaxHeapSize                          = 4269801472                             {manageable} {ergonomic}
     bool UseCompressedOops                        = true                           {product lp64_product} {ergonomic}
     bool UseG1GC                                  = true                                      {product} {ergonomic}
     bool UseLargePagesIndividualAllocation        = false                                  {pd product} {ergonomic}

Logging:
Log output configuration:
 #0: stdout all=warning uptime,level,tags foldmultilines=false
 #1: stderr all=off uptime,level,tags foldmultilines=false

Environment Variables:
PATH=D:\work\PROJ\kmm_test\droid_share_jc\libs
USERNAME=Sergey
OS=Windows_NT
PROCESSOR_IDENTIFIER=Intel64 Family 6 Model 142 Stepping 10, GenuineIntel
TMP=C:\Users\Sergey\AppData\Local\Temp
TEMP=C:\Users\Sergey\AppData\Local\Temp




Periodic native trim disabled

JNI global refs:
JNI global refs: 133, weak refs: 7

JNI global refs memory usage: 2099, weak refs: 833

Process memory usage:
Resident Set Size: 125228K (0% of 16671948K total physical memory with 832956K free physical memory)

OOME stack traces (most recent first):
Classloader memory used:
Loader bootstrap                                                                       : 14692K
Loader jdk.internal.loader.ClassLoaders$AppClassLoader                                 : 10172K

---------------  S Y S T E M  ---------------

OS:
 Windows 11 , 64 bit Build 22621 (10.0.22621.4391)
OS uptime: 5 days 6:43 hours
Hyper-V role detected

CPU: total 8 (initial active 8) (4 cores per cpu, 2 threads per core) family 6 model 142 stepping 10 microcode 0xf0, cx8, cmov, fxsr, ht, mmx, 3dnowpref, sse, sse2, sse3, ssse3, sse4.1, sse4.2, popcnt, lzcnt, tsc, tscinvbit, avx, avx2, aes, erms, clmul, bmi1, bmi2, adx, fma, vzeroupper, clflush, clflushopt, hv, rdtscp, f16c
Processor Information for all 8 processors :
  Max Mhz: 1992, Current Mhz: 1792, Mhz Limit: 1792

Memory: 4k page, system-wide physical 16281M (813M free)
TotalPageFile size 37450M (AvailPageFile size 5809M)
current process WorkingSet (physical memory assigned to process): 122M, peak: 122M
current process commit charge ("private bytes"): 163M, peak: 372M

vm_info: OpenJDK 64-Bit Server VM (21.0.4+-12508038-b607.1) for windows-amd64 JRE (21.0.4+-12508038-b607.1), built on 2024-10-16T17:23:34Z by "builder" with MS VC++ 16.10 / 16.11 (VS2019)

END.
