#
# A fatal error has been detected by the Java Runtime Environment:
#
#  EXCEPTION_ACCESS_VIOLATION (0xc0000005) at pc=0x00007fff5cd871d3, pid=31292, tid=9844
#
# JRE version: OpenJDK Runtime Environment (21.0.4) (build 21.0.4+-12508038-b607.1)
# Java VM: OpenJDK 64-Bit Server VM (21.0.4+-12508038-b607.1, mixed mode, tiered, compressed oops, compressed class ptrs, g1 gc, windows-amd64)
# Problematic frame:
# C  [libWinBleNativeApi.dll+0x671d3]
#
# No core dump will be written. Minidumps are not enabled by default on client versions of Windows
#
# If you would like to submit a bug report, please visit:
#   https://youtrack.jetbrains.com/issues/JBR
# The crash happened outside the Java Virtual Machine in native code.
# See problematic frame for where to report the bug.
#

---------------  S U M M A R Y ------------

Command Line: -Dcompose.application.configure.swing.globals=true -Dcompose.application.resources.dir=D:\work\PROJ\kmm_test\droid_share_jc\composeApp\build\compose\tmp\prepareAppResources -Dfile.encoding=UTF-8 -Duser.country=RU -Duser.language=ru -Duser.variant org.example.project.MainKt

Host: Intel(R) Core(TM) i7-8550U CPU @ 1.80GHz, 8 cores, 15G,  Windows 11 , 64 bit Build 22621 (10.0.22621.4391)
Time: Mon Jan 27 16:13:43 2025 RTZ 2 (s 11 , 64 bit Build 22621 (10.0.22621.4391) elapsed time: 6.556411 seconds (0d 0h 0m 6s)

---------------  T H R E A D  ---------------

Current thread (0x000001baa228be60):  JavaThread "Thread-4"         [_thread_in_native, id=9844, stack(0x00000020fad00000,0x00000020fae00000) (1024K)]

Stack: [0x00000020fad00000,0x00000020fae00000],  sp=0x00000020fadff3f0,  free space=1020k
Native frames: (J=compiled Java code, j=interpreted, Vv=VM code, C=native code)
C  [libWinBleNativeApi.dll+0x671d3]

Java frames: (J=compiled Java code, j=interpreted, Vv=VM code)
j  WinBleNativeApi.startScannerNative()V+0
j  WinBleNativeApi$1.run()V+4
j  java.lang.Thread.runWith(Ljava/lang/Object;Ljava/lang/Runnable;)V+5 java.base@21.0.4
j  java.lang.Thread.run()V+19 java.base@21.0.4
v  ~StubRoutines::call_stub 0x000001ba8753100d

siginfo: EXCEPTION_ACCESS_VIOLATION (0xc0000005), reading address 0x0000000000000000


Registers:
RAX=0x0000000000000000, RBX=0x000001ba97577d00, RCX=0x0000000000000000, RDX=0x0000000000000000
RSP=0x00000020fadff3f0, RBP=0x00000020fadff550, RSI=0x00000020fadffb30, RDI=0x000001ba87538860
R8 =0x0000000000000017, R9 =0x00000020fadff2b8, R10=0x0000000000000028, R11=0x00000020fadff0b0
R12=0x0000000000000000, R13=0x000001ba97577d00, R14=0x00000020fadff570, R15=0x000001baa228be60
RIP=0x00007fff5cd871d3, EFLAGS=0x0000000000010206


Register to memory mapping:

RAX=0x0 is null
RBX={method} {0x000001ba97577d08} 'startScannerNative' '()V' in 'WinBleNativeApi'
RCX=0x0 is null
RDX=0x0 is null
RSP=0x00000020fadff3f0 is pointing into the stack for thread: 0x000001baa228be60
RBP=0x00000020fadff550 is pointing into the stack for thread: 0x000001baa228be60
RSI=0x00000020fadffb30 is pointing into the stack for thread: 0x000001baa228be60
RDI=0x000001ba87538860 is at code_begin+1184 in an Interpreter codelet
return entry points  [0x000001ba875383c0, 0x000001ba87538f60]  2976 bytes
R8 =0x0000000000000017 is an unknown value
R9 =0x00000020fadff2b8 is pointing into the stack for thread: 0x000001baa228be60
R10=0x0000000000000028 is an unknown value
R11=0x00000020fadff0b0 is pointing into the stack for thread: 0x000001baa228be60
R12=0x0 is null
R13={method} {0x000001ba97577d08} 'startScannerNative' '()V' in 'WinBleNativeApi'
R14=0x00000020fadff570 is pointing into the stack for thread: 0x000001baa228be60
R15=0x000001baa228be60 is a thread

Top of Stack: (sp=0x00000020fadff3f0)
0x00000020fadff3f0:   00007fff5cefde90 00007fff5cefdea0
0x00000020fadff400:   00007fff5cefde90 00007fff5cefde90
0x00000020fadff410:   00007fff5cd214e7 00000020fadff410
0x00000020fadff420:   000060f70fabddcb 00007fff5cd40bac
0x00000020fadff430:   00007fff5cefd9a8 00007fff5cd214e7
0x00000020fadff440:   00000020fadff458 000001ba87538860
0x00000020fadff450:   000001ba00000001 0000000000000000
0x00000020fadff460:   00000020fadff468 0000000000000000
0x00000020fadff470:   00007fff5cefd9a8 00007fff5cefd9a8
0x00000020fadff480:   00007fff5cefde90 00007fff5cefde90
0x00000020fadff490:   000001baa1f50a50 000001baa228be60
0x00000020fadff4a0:   000001ba87538860 00007fff5cd37cda
0x00000020fadff4b0:   00007fff5cefd990 000001ba97577d00
0x00000020fadff4c0:   000001ba97577d00 00000020fadff570
0x00000020fadff4d0:   000001ba87538860 000001ba8753ce4b
0x00000020fadff4e0:   000001baa228c218 00000020fadff570
0x00000020fadff4f0:   00000020fadffb30 00007fffe8c20f73
0x00000020fadff500:   000001ba8753cadf 00000020fadff508
0x00000020fadff510:   000001ba97577d00 0000000000000004
0x00000020fadff520:   000001ba9757cab8 0000000000000000
0x00000020fadff530:   0000000701e651e8 000001ba97577d00
0x00000020fadff540:   0000000000000000 00000020fadff570
0x00000020fadff550:   00000020fadff5c0 000001ba87538860
0x00000020fadff560:   0000000000000000 000001ba8753a3d7
0x00000020fadff570:   0000000701e481d8 00000020fadff578
0x00000020fadff580:   000001ba9757d14c 0000000000000002
0x00000020fadff590:   000001ba9757d200 0000000000000000
0x00000020fadff5a0:   0000000701ea2628 000001ba9757d158
0x00000020fadff5b0:   00000020fadff570 00000020fadff5d0
0x00000020fadff5c0:   00000020fadff620 000001ba87538d06
0x00000020fadff5d0:   0000000701e48338 00000020fadff5d8
0x00000020fadff5e0:   000001ba960497c5 0000000000000004 

Instructions: (pc=0x00007fff5cd871d3)
0x00007fff5cd870d3:   48 8d 4c 24 30 e8 c3 fe f9 ff 90 8b 44 24 20 48
0x00007fff5cd870e3:   83 c4 58 c3 cc cc cc cc cc cc cc cc cc cc cc cc
0x00007fff5cd870f3:   cc cc cc cc cc cc cc cc cc cc cc cc cc cc cc cc
0x00007fff5cd87103:   cc cc cc cc cc cc cc cc cc cc cc cc cc 48 89 4c
0x00007fff5cd87113:   24 08 48 83 ec 58 c7 44 24 20 00 00 00 00 48 8d
0x00007fff5cd87123:   44 24 24 48 89 44 24 40 48 8d 54 24 30 48 8b 4c
0x00007fff5cd87133:   24 60 e8 45 24 fa ff 90 48 8b 44 24 30 48 8b 00
0x00007fff5cd87143:   48 8b 40 38 48 89 44 24 38 48 8d 54 24 20 48 8b
0x00007fff5cd87153:   4c 24 30 ff 54 24 38 8b d0 48 8b 4c 24 40 e8 20
0x00007fff5cd87163:   c8 f9 ff 8b 10 48 8d 4c 24 28 e8 97 e5 f9 ff 90
0x00007fff5cd87173:   48 8d 4c 24 30 e8 23 fe f9 ff 90 8b 44 24 20 48
0x00007fff5cd87183:   83 c4 58 c3 cc cc cc cc cc cc cc cc cc cc cc cc
0x00007fff5cd87193:   cc cc cc cc cc cc cc cc cc cc cc cc cc cc cc cc
0x00007fff5cd871a3:   cc cc cc cc cc cc cc cc cc cc cc cc cc 48 89 4c
0x00007fff5cd871b3:   24 08 48 83 ec 38 48 8d 44 24 20 48 89 44 24 28
0x00007fff5cd871c3:   48 8b 44 24 40 48 8b 00 48 8b 4c 24 40 48 8b 09
0x00007fff5cd871d3:   48 8b 00 ff 90 90 00 00 00 8b d0 48 8b 4c 24 28
0x00007fff5cd871e3:   e8 9e c7 f9 ff 8b 10 48 8d 4c 24 24 e8 15 e5 f9
0x00007fff5cd871f3:   ff 90 48 83 c4 38 c3 cc cc cc cc cc cc cc cc cc
0x00007fff5cd87203:   cc cc cc cc cc cc cc cc cc cc cc cc cc 48 89 4c
0x00007fff5cd87213:   24 08 48 83 ec 38 48 8d 44 24 20 48 89 44 24 28
0x00007fff5cd87223:   48 8b 44 24 40 48 8b 00 48 8b 4c 24 40 48 8b 09
0x00007fff5cd87233:   48 8b 00 ff 50 60 8b d0 48 8b 4c 24 28 e8 41 c7
0x00007fff5cd87243:   f9 ff 8b 10 48 8d 4c 24 24 e8 b8 e4 f9 ff 90 48
0x00007fff5cd87253:   83 c4 38 c3 cc cc cc cc cc cc cc cc cc cc cc cc
0x00007fff5cd87263:   cc cc cc cc cc cc cc cc cc cc cc cc cc 48 89 54
0x00007fff5cd87273:   24 10 48 89 4c 24 08 57 48 83 ec 50 48 8b 7c 24
0x00007fff5cd87283:   68 33 c0 b9 08 00 00 00 f3 aa 48 8b 4c 24 68 e8
0x00007fff5cd87293:   c0 fa f9 ff 90 48 8d 44 24 20 48 89 44 24 40 48
0x00007fff5cd872a3:   8b 44 24 60 48 8b 00 48 89 44 24 30 48 8b 44 24
0x00007fff5cd872b3:   60 48 8b 00 48 8b 00 48 8b 40 48 48 89 44 24 38
0x00007fff5cd872c3:   48 8b 4c 24 68 e8 bf b1 f9 ff 48 89 44 24 28 48 


Stack slot to memory mapping:

stack at sp + 0 slots: 0x00007fff5cefde90 libWinBleNativeApi.dll
stack at sp + 1 slots: 0x00007fff5cefdea0 libWinBleNativeApi.dll
stack at sp + 2 slots: 0x00007fff5cefde90 libWinBleNativeApi.dll
stack at sp + 3 slots: 0x00007fff5cefde90 libWinBleNativeApi.dll
stack at sp + 4 slots: 0x00007fff5cd214e7 libWinBleNativeApi.dll
stack at sp + 5 slots: 0x00000020fadff410 is pointing into the stack for thread: 0x000001baa228be60
stack at sp + 6 slots: 0x000060f70fabddcb is an unknown value
stack at sp + 7 slots: 0x00007fff5cd40bac libWinBleNativeApi.dll


---------------  P R O C E S S  ---------------

Threads class SMR info:
_java_thread_list=0x000001baa24f8630, length=25, elements={
0x000001bafb4a0f60, 0x000001ba955abeb0, 0x000001ba955acdd0, 0x000001ba955ccf50,
0x000001ba955cd9b0, 0x000001ba955ce410, 0x000001ba955cee70, 0x000001ba955cfc00,
0x000001ba955da700, 0x000001ba9576ccd0, 0x000001ba95776350, 0x000001ba9a291d60,
0x000001ba9a3f4f40, 0x000001ba9a3f7d60, 0x000001ba9a7f7140, 0x000001ba9a778070,
0x000001ba9a58fde0, 0x000001ba9a4eaa80, 0x000001ba9a6c9510, 0x000001ba9a7740e0,
0x000001ba9a773a50, 0x000001baa228f2e0, 0x000001baa228be60, 0x000001baa228b7d0,
0x000001baa228df30
}

Java Threads: ( => current thread )
  0x000001bafb4a0f60 JavaThread "main"                              [_thread_blocked, id=31104, stack(0x00000020f8000000,0x00000020f8100000) (1024K)]
  0x000001ba955abeb0 JavaThread "Reference Handler"          daemon [_thread_blocked, id=11624, stack(0x00000020f8800000,0x00000020f8900000) (1024K)]
  0x000001ba955acdd0 JavaThread "Finalizer"                  daemon [_thread_blocked, id=14100, stack(0x00000020f8900000,0x00000020f8a00000) (1024K)]
  0x000001ba955ccf50 JavaThread "Signal Dispatcher"          daemon [_thread_blocked, id=13876, stack(0x00000020f8a00000,0x00000020f8b00000) (1024K)]
  0x000001ba955cd9b0 JavaThread "Attach Listener"            daemon [_thread_blocked, id=31220, stack(0x00000020f8b00000,0x00000020f8c00000) (1024K)]
  0x000001ba955ce410 JavaThread "Service Thread"             daemon [_thread_blocked, id=24448, stack(0x00000020f8c00000,0x00000020f8d00000) (1024K)]
  0x000001ba955cee70 JavaThread "Monitor Deflation Thread"   daemon [_thread_blocked, id=22524, stack(0x00000020f8d00000,0x00000020f8e00000) (1024K)]
  0x000001ba955cfc00 JavaThread "C2 CompilerThread0"         daemon [_thread_blocked, id=30444, stack(0x00000020f8e00000,0x00000020f8f00000) (1024K)]
  0x000001ba955da700 JavaThread "C1 CompilerThread0"         daemon [_thread_blocked, id=31748, stack(0x00000020f8f00000,0x00000020f9000000) (1024K)]
  0x000001ba9576ccd0 JavaThread "Notification Thread"        daemon [_thread_blocked, id=33780, stack(0x00000020f9000000,0x00000020f9100000) (1024K)]
  0x000001ba95776350 JavaThread "Common-Cleaner"             daemon [_thread_blocked, id=21740, stack(0x00000020f9100000,0x00000020f9200000) (1024K)]
  0x000001ba9a291d60 JavaThread "Java2D Disposer"            daemon [_thread_blocked, id=33272, stack(0x00000020f9300000,0x00000020f9400000) (1024K)]
  0x000001ba9a3f4f40 JavaThread "AWT-Shutdown"                      [_thread_blocked, id=28892, stack(0x00000020f9400000,0x00000020f9500000) (1024K)]
  0x000001ba9a3f7d60 JavaThread "AWT-Windows"                daemon [_thread_in_native, id=25524, stack(0x00000020f9500000,0x00000020f9600000) (1024K)]
  0x000001ba9a7f7140 JavaThread "DefaultDispatcher-worker-1" daemon [_thread_blocked, id=32704, stack(0x00000020f9600000,0x00000020f9700000) (1024K)]
  0x000001ba9a778070 JavaThread "DefaultDispatcher-worker-2" daemon [_thread_blocked, id=33428, stack(0x00000020f9700000,0x00000020f9800000) (1024K)]
  0x000001ba9a58fde0 JavaThread "DefaultDispatcher-worker-3" daemon [_thread_blocked, id=20908, stack(0x00000020f9800000,0x00000020f9900000) (1024K)]
  0x000001ba9a4eaa80 JavaThread "Reference Cleaner"          daemon [_thread_blocked, id=33720, stack(0x00000020f9900000,0x00000020f9a00000) (1024K)]
  0x000001ba9a6c9510 JavaThread "kotlinx.coroutines.DefaultExecutor" daemon [_thread_blocked, id=15072, stack(0x00000020f9a00000,0x00000020f9b00000) (1024K)]
  0x000001ba9a7740e0 JavaThread "AWT-EventQueue-0"                  [_thread_in_Java, id=13176, stack(0x00000020f9b00000,0x00000020f9c00000) (1024K)]
  0x000001ba9a773a50 JavaThread "TimerQueue"                 daemon [_thread_blocked, id=33584, stack(0x00000020f9200000,0x00000020f9300000) (1024K)]
  0x000001baa228f2e0 JavaThread "pool-1-thread-1"            daemon [_thread_blocked, id=31344, stack(0x00000020fac00000,0x00000020fad00000) (1024K)]
=>0x000001baa228be60 JavaThread "Thread-4"                          [_thread_in_native, id=9844, stack(0x00000020fad00000,0x00000020fae00000) (1024K)]
  0x000001baa228b7d0 JavaThread "Thread-6"                          [_thread_in_native, id=25324, stack(0x00000020fa600000,0x00000020fa700000) (1024K)]
  0x000001baa228df30 JavaThread "Thread-7"                          [_thread_in_native, id=31112, stack(0x00000020fa700000,0x00000020fa800000) (1024K)]
Total: 25

Other Threads:
  0x000001ba95553dd0 VMThread "VM Thread"                           [id=10864, stack(0x00000020f8700000,0x00000020f8800000) (1024K)]
  0x000001ba951722b0 WatcherThread "VM Periodic Task Thread"        [id=33216, stack(0x00000020f8600000,0x00000020f8700000) (1024K)]
  0x000001bafb50b590 WorkerThread "GC Thread#0"                     [id=33744, stack(0x00000020f8100000,0x00000020f8200000) (1024K)]
  0x000001ba9bc96590 WorkerThread "GC Thread#1"                     [id=27776, stack(0x00000020f9c00000,0x00000020f9d00000) (1024K)]
  0x000001ba9bc8ffe0 WorkerThread "GC Thread#2"                     [id=21776, stack(0x00000020f9d00000,0x00000020f9e00000) (1024K)]
  0x000001ba9bc90380 WorkerThread "GC Thread#3"                     [id=7908, stack(0x00000020f9e00000,0x00000020f9f00000) (1024K)]
  0x000001ba9bc90720 WorkerThread "GC Thread#4"                     [id=30300, stack(0x00000020f9f00000,0x00000020fa000000) (1024K)]
  0x000001ba9bc90ac0 WorkerThread "GC Thread#5"                     [id=30800, stack(0x00000020fa000000,0x00000020fa100000) (1024K)]
  0x000001ba9bb803b0 WorkerThread "GC Thread#6"                     [id=33696, stack(0x00000020fa100000,0x00000020fa200000) (1024K)]
  0x000001ba9bd65fe0 WorkerThread "GC Thread#7"                     [id=32880, stack(0x00000020fa200000,0x00000020fa300000) (1024K)]
  0x000001bafb51c3f0 ConcurrentGCThread "G1 Main Marker"            [id=31708, stack(0x00000020f8200000,0x00000020f8300000) (1024K)]
  0x000001bafb51cef0 WorkerThread "G1 Conc#0"                       [id=32824, stack(0x00000020f8300000,0x00000020f8400000) (1024K)]
  0x000001ba9bd66380 WorkerThread "G1 Conc#1"                       [id=33008, stack(0x00000020fa300000,0x00000020fa400000) (1024K)]
  0x000001ba95036490 ConcurrentGCThread "G1 Refine#0"               [id=21544, stack(0x00000020f8400000,0x00000020f8500000) (1024K)]
  0x000001ba95036f10 ConcurrentGCThread "G1 Service"                [id=29356, stack(0x00000020f8500000,0x00000020f8600000) (1024K)]
Total: 15

Threads with active compile tasks:
C1 CompilerThread0     6648 2951       3       androidx.compose.runtime.changelist.Operations$WriteScope::setInt-A6tL2VI (94 bytes)
Total: 1

VM state: not at safepoint (normal execution)

VM Mutex/Monitor currently owned by a thread: None

Heap address: 0x0000000701800000, size: 4072 MB, Compressed Oops mode: Zero based, Oop shift amount: 3

CDS archive(s) not mapped
Compressed class space mapped at: 0x0000000800000000-0x0000000840000000, reserved size: 1073741824
Narrow klass base: 0x0000000800000000, Narrow klass shift: 0, Narrow klass range: 0x40000000

GC Precious Log:
 CardTable entry size: 512
 Card Set container configuration: InlinePtr #cards 4 size 8 Array Of Cards #cards 16 size 48 Howl #buckets 8 coarsen threshold 3686 Howl Bitmap #cards 512 size 80 coarsen threshold 460 Card regions per heap region 1 cards per card region 4096
 CPUs: 8 total, 8 available
 Memory: 16281M
 Large Page Support: Disabled
 NUMA Support: Disabled
 Compressed Oops: Enabled (Zero based)
 Heap Region Size: 2M
 Heap Min Capacity: 8M
 Heap Initial Capacity: 256M
 Heap Max Capacity: 4072M
 Pre-touch: Disabled
 Parallel Workers: 8
 Concurrent Workers: 2
 Concurrent Refinement Workers: 8
 Periodic GC: Disabled

Heap:
 garbage-first heap   total 24576K, used 10178K [0x0000000701800000, 0x0000000800000000)
  region size 2048K, 2 young (4096K), 1 survivors (2048K)
 Metaspace       used 33089K, committed 33408K, reserved 1114112K
  class space    used 3292K, committed 3456K, reserved 1048576K

Heap Regions: E=young(eden), S=young(survivor), O=old, HS=humongous(starts), HC=humongous(continues), CS=collection set, F=free, TAMS=top-at-mark-start, PB=parsable bottom
|   0|0x0000000701800000, 0x0000000701a00000, 0x0000000701a00000|100%| O|  |TAMS 0x0000000701800000| PB 0x0000000701800000| Untracked 
|   1|0x0000000701a00000, 0x0000000701a00000, 0x0000000701c00000|  0%| F|  |TAMS 0x0000000701a00000| PB 0x0000000701a00000| Untracked 
|   2|0x0000000701c00000, 0x0000000701e00000, 0x0000000701e00000|100%| O|  |TAMS 0x0000000701c00000| PB 0x0000000701c00000| Untracked 
|   3|0x0000000701e00000, 0x0000000701ee4030, 0x0000000702000000| 44%| O|  |TAMS 0x0000000701e00000| PB 0x0000000701e00000| Untracked 
|   4|0x0000000702000000, 0x0000000702000000, 0x0000000702200000|  0%| F|  |TAMS 0x0000000702000000| PB 0x0000000702000000| Untracked 
|   5|0x0000000702200000, 0x0000000702400000, 0x0000000702400000|100%|HS|  |TAMS 0x0000000702200000| PB 0x0000000702200000| Complete 
|   6|0x0000000702400000, 0x0000000702600000, 0x0000000702600000|100%|HC|  |TAMS 0x0000000702400000| PB 0x0000000702400000| Complete 
|   7|0x0000000702600000, 0x0000000702600000, 0x0000000702800000|  0%| F|  |TAMS 0x0000000702600000| PB 0x0000000702600000| Untracked 
|   8|0x0000000702800000, 0x0000000702800000, 0x0000000702a00000|  0%| F|  |TAMS 0x0000000702800000| PB 0x0000000702800000| Untracked 
|   9|0x0000000702a00000, 0x0000000702b0cb90, 0x0000000702c00000| 52%| S|CS|TAMS 0x0000000702a00000| PB 0x0000000702a00000| Complete 
| 118|0x0000000710400000, 0x0000000710400000, 0x0000000710600000|  0%| F|  |TAMS 0x0000000710400000| PB 0x0000000710400000| Untracked 
| 127|0x0000000711600000, 0x0000000711738d70, 0x0000000711800000| 61%| E|  |TAMS 0x0000000711600000| PB 0x0000000711600000| Complete 

Card table byte_map: [0x000001baff110000,0x000001baff910000] _byte_map_base: 0x000001bafb904000

Marking Bits: (CMBitMap*) 0x000001bafb50bc90
 Bits: [0x000001ba8f000000, 0x000001ba92fa0000)

Polling page: 0x000001baf93d0000

Metaspace:

Usage:
  Non-class:     29.10 MB used.
      Class:      3.22 MB used.
       Both:     32.31 MB used.

Virtual space:
  Non-class space:       64.00 MB reserved,      29.25 MB ( 46%) committed,  1 nodes.
      Class space:        1.00 GB reserved,       3.38 MB ( <1%) committed,  1 nodes.
             Both:        1.06 GB reserved,      32.62 MB (  3%) committed. 

Chunk freelists:
   Non-Class:  1.88 MB
       Class:  12.53 MB
        Both:  14.41 MB

MaxMetaspaceSize: unlimited
CompressedClassSpaceSize: 1.00 GB
Initial GC threshold: 21.00 MB
Current GC threshold: 35.12 MB
CDS: off
 - commit_granule_bytes: 65536.
 - commit_granule_words: 8192.
 - virtual_space_node_default_size: 8388608.
 - enlarge_chunks_in_place: 1.
 - use_allocation_guard: 0.


Internal statistics:

num_allocs_failed_limit: 3.
num_arena_births: 268.
num_arena_deaths: 0.
num_vsnodes_births: 2.
num_vsnodes_deaths: 0.
num_space_committed: 522.
num_space_uncommitted: 0.
num_chunks_returned_to_freelist: 3.
num_chunks_taken_from_freelist: 978.
num_chunk_merges: 3.
num_chunk_splits: 740.
num_chunks_enlarged: 602.
num_inconsistent_stats: 0.

CodeHeap 'non-profiled nmethods': size=120000Kb used=979Kb max_used=979Kb free=119020Kb
 bounds [0x000001ba87ad0000, 0x000001ba87d40000, 0x000001ba8f000000]
CodeHeap 'profiled nmethods': size=120000Kb used=5458Kb max_used=5458Kb free=114541Kb
 bounds [0x000001ba80000000, 0x000001ba80560000, 0x000001ba87530000]
CodeHeap 'non-nmethods': size=5760Kb used=2250Kb max_used=2322Kb free=3509Kb
 bounds [0x000001ba87530000, 0x000001ba877a0000, 0x000001ba87ad0000]
 total_blobs=4133 nmethods=2952 adapters=1085
 compilation: enabled
              stopped_count=0, restarted_count=0
 full_count=0

Compilation events (20 events):
Event: 6.515 Thread 0x000001ba955da700 2882       3       androidx.compose.runtime.ComposerImpl::getRecomposeScope (8 bytes)
Event: 6.515 Thread 0x000001ba955cfc00 2885       4       androidx.compose.runtime.snapshots.SnapshotKt::access$getThreadSnapshot$p (4 bytes)
Event: 6.515 Thread 0x000001ba955cfc00 nmethod 2885 0x000001ba87bbf110 code [0x000001ba87bbf280, 0x000001ba87bbf2f0]
Event: 6.515 Thread 0x000001ba955cfc00 2886       4       org.jetbrains.skia.impl.Native_jvmKt::reachabilityBarrier (5 bytes)
Event: 6.515 Thread 0x000001ba955da700 nmethod 2882 0x000001ba8052f790 code [0x000001ba8052f9a0, 0x000001ba805301e8]
Event: 6.516 Thread 0x000001ba955da700 2883       3       androidx.compose.runtime.ComposerImpl::recordUsed (35 bytes)
Event: 6.516 Thread 0x000001ba955cfc00 nmethod 2886 0x000001ba87bbf410 code [0x000001ba87bbf580, 0x000001ba87bbf5e8]
Event: 6.516 Thread 0x000001ba955da700 nmethod 2883 0x000001ba80530510 code [0x000001ba80530760, 0x000001ba80531050]
Event: 6.516 Thread 0x000001ba955da700 2884       1       androidx.compose.runtime.SlotTable::getSlots (5 bytes)
Event: 6.516 Thread 0x000001ba955da700 nmethod 2884 0x000001ba87bbf710 code [0x000001ba87bbf8a0, 0x000001ba87bbf970]
Event: 6.516 Thread 0x000001ba955da700 2889       3       kotlinx.coroutines.flow.StateFlowKt::access$getPENDING$p (4 bytes)
Event: 6.516 Thread 0x000001ba955da700 nmethod 2889 0x000001ba80531310 code [0x000001ba805314a0, 0x000001ba80531598]
Event: 6.516 Thread 0x000001ba955da700 2887       1       androidx.compose.ui.viewinterop.ScheduledUpdatesSwapchain::access$getLock$p (5 bytes)
Event: 6.516 Thread 0x000001ba955da700 nmethod 2887 0x000001ba87bbfa10 code [0x000001ba87bbfba0, 0x000001ba87bbfc50]
Event: 6.516 Thread 0x000001ba955da700 2888       1       androidx.compose.ui.viewinterop.ScheduledUpdatesSwapchain::access$setNeedsRequestRedrawOnUpdateScheduled$p (6 bytes)
Event: 6.516 Thread 0x000001ba955da700 nmethod 2888 0x000001ba87bbfd10 code [0x000001ba87bbfea0, 0x000001ba87bbff50]
Event: 6.516 Thread 0x000001ba955da700 2890       1       org.jetbrains.skiko.context.ContextHandler::getSurface (5 bytes)
Event: 6.516 Thread 0x000001ba955da700 nmethod 2890 0x000001ba87bc0010 code [0x000001ba87bc01a0, 0x000001ba87bc0270]
Event: 6.530 Thread 0x000001ba955da700 2891       1       androidx.compose.ui.unit.IntSize::unbox-impl (5 bytes)
Event: 6.530 Thread 0x000001ba955da700 nmethod 2891 0x000001ba87bc0310 code [0x000001ba87bc04a0, 0x000001ba87bc0568]

GC Heap History (10 events):
Event: 0.501 GC heap before
{Heap before GC invocations=0 (full 0):
 garbage-first heap   total 262144K, used 20480K [0x0000000701800000, 0x0000000800000000)
  region size 2048K, 11 young (22528K), 0 survivors (0K)
 Metaspace       used 15514K, committed 15680K, reserved 1114112K
  class space    used 1404K, committed 1472K, reserved 1048576K
}
Event: 0.504 GC heap after
{Heap after GC invocations=1 (full 0):
 garbage-first heap   total 262144K, used 3585K [0x0000000701800000, 0x0000000800000000)
  region size 2048K, 2 young (4096K), 2 survivors (4096K)
 Metaspace       used 15514K, committed 15680K, reserved 1114112K
  class space    used 1404K, committed 1472K, reserved 1048576K
}
Event: 0.947 GC heap before
{Heap before GC invocations=1 (full 0):
 garbage-first heap   total 262144K, used 17921K [0x0000000701800000, 0x0000000800000000)
  region size 2048K, 11 young (22528K), 2 survivors (4096K)
 Metaspace       used 21309K, committed 21504K, reserved 1114112K
  class space    used 2021K, committed 2112K, reserved 1048576K
}
Event: 0.950 GC heap after
{Heap after GC invocations=2 (full 0):
 garbage-first heap   total 262144K, used 4611K [0x0000000701800000, 0x0000000800000000)
  region size 2048K, 1 young (2048K), 1 survivors (2048K)
 Metaspace       used 21309K, committed 21504K, reserved 1114112K
  class space    used 2021K, committed 2112K, reserved 1048576K
}
Event: 1.638 GC heap before
{Heap before GC invocations=3 (full 0):
 garbage-first heap   total 20480K, used 16899K [0x0000000701800000, 0x0000000800000000)
  region size 2048K, 8 young (16384K), 1 survivors (2048K)
 Metaspace       used 25852K, committed 26048K, reserved 1114112K
  class space    used 2543K, committed 2624K, reserved 1048576K
}
Event: 1.641 GC heap after
{Heap after GC invocations=4 (full 0):
 garbage-first heap   total 22528K, used 5105K [0x0000000701800000, 0x0000000800000000)
  region size 2048K, 1 young (2048K), 1 survivors (2048K)
 Metaspace       used 25852K, committed 26048K, reserved 1114112K
  class space    used 2543K, committed 2624K, reserved 1048576K
}
Event: 1.889 GC heap before
{Heap before GC invocations=4 (full 0):
 garbage-first heap   total 22528K, used 15345K [0x0000000701800000, 0x0000000800000000)
  region size 2048K, 6 young (12288K), 1 survivors (2048K)
 Metaspace       used 28548K, committed 28736K, reserved 1114112K
  class space    used 2837K, committed 2944K, reserved 1048576K
}
Event: 1.892 GC heap after
{Heap after GC invocations=5 (full 0):
 garbage-first heap   total 22528K, used 5608K [0x0000000701800000, 0x0000000800000000)
  region size 2048K, 1 young (2048K), 1 survivors (2048K)
 Metaspace       used 28548K, committed 28736K, reserved 1114112K
  class space    used 2837K, committed 2944K, reserved 1048576K
}
Event: 4.315 GC heap before
{Heap before GC invocations=5 (full 0):
 garbage-first heap   total 22528K, used 17896K [0x0000000701800000, 0x0000000800000000)
  region size 2048K, 6 young (12288K), 1 survivors (2048K)
 Metaspace       used 32838K, committed 33152K, reserved 1114112K
  class space    used 3282K, committed 3456K, reserved 1048576K
}
Event: 4.317 GC heap after
{Heap after GC invocations=6 (full 0):
 garbage-first heap   total 24576K, used 10178K [0x0000000701800000, 0x0000000800000000)
  region size 2048K, 1 young (2048K), 1 survivors (2048K)
 Metaspace       used 32838K, committed 33152K, reserved 1114112K
  class space    used 3282K, committed 3456K, reserved 1048576K
}

Dll operation events (2 events):
Event: 0.006 Loaded shared library C:\Program Files\Android\Android Studio\jbr\bin\java.dll
Event: 0.011 Loaded shared library C:\Program Files\Android\Android Studio\jbr\bin\zip.dll

Deoptimization events (20 events):
Event: 0.874 Thread 0x000001ba9a7740e0 DEOPT PACKING pc=0x000001ba87b32c5c sp=0x00000020f9bfb960
Event: 0.874 Thread 0x000001ba9a7740e0 DEOPT UNPACKING pc=0x000001ba875846a2 sp=0x00000020f9bfb8d8 mode 2
Event: 0.874 Thread 0x000001ba9a7740e0 Uncommon trap: trap_request=0xffffffde fr.pc=0x000001ba87b32c5c relative=0x000000000000013c
Event: 0.874 Thread 0x000001ba9a7740e0 Uncommon trap: reason=class_check action=maybe_recompile pc=0x000001ba87b32c5c method=jdk.internal.misc.Unsafe.allocateUninitializedArray(Ljava/lang/Class;I)Ljava/lang/Object; @ 51 c2
Event: 0.874 Thread 0x000001ba9a7740e0 DEOPT PACKING pc=0x000001ba87b32c5c sp=0x00000020f9bfba00
Event: 0.874 Thread 0x000001ba9a7740e0 DEOPT UNPACKING pc=0x000001ba875846a2 sp=0x00000020f9bfb978 mode 2
Event: 0.874 Thread 0x000001ba9a7740e0 Uncommon trap: trap_request=0xffffffde fr.pc=0x000001ba87b32c5c relative=0x000000000000013c
Event: 0.874 Thread 0x000001ba9a7740e0 Uncommon trap: reason=class_check action=maybe_recompile pc=0x000001ba87b32c5c method=jdk.internal.misc.Unsafe.allocateUninitializedArray(Ljava/lang/Class;I)Ljava/lang/Object; @ 51 c2
Event: 0.874 Thread 0x000001ba9a7740e0 DEOPT PACKING pc=0x000001ba87b32c5c sp=0x00000020f9bfb4e0
Event: 0.874 Thread 0x000001ba9a7740e0 DEOPT UNPACKING pc=0x000001ba875846a2 sp=0x00000020f9bfb458 mode 2
Event: 0.874 Thread 0x000001ba9a7740e0 Uncommon trap: trap_request=0xffffffde fr.pc=0x000001ba87b32c5c relative=0x000000000000013c
Event: 0.874 Thread 0x000001ba9a7740e0 Uncommon trap: reason=class_check action=maybe_recompile pc=0x000001ba87b32c5c method=jdk.internal.misc.Unsafe.allocateUninitializedArray(Ljava/lang/Class;I)Ljava/lang/Object; @ 51 c2
Event: 0.874 Thread 0x000001ba9a7740e0 DEOPT PACKING pc=0x000001ba87b32c5c sp=0x00000020f9bfb580
Event: 0.874 Thread 0x000001ba9a7740e0 DEOPT UNPACKING pc=0x000001ba875846a2 sp=0x00000020f9bfb4f8 mode 2
Event: 1.336 Thread 0x000001ba9a7740e0 DEOPT PACKING pc=0x000001ba801c2c74 sp=0x00000020f9bfc8e0
Event: 1.336 Thread 0x000001ba9a7740e0 DEOPT UNPACKING pc=0x000001ba87584e42 sp=0x00000020f9bfbdf8 mode 0
Event: 1.508 Thread 0x000001ba9a7740e0 Uncommon trap: trap_request=0xffffff45 fr.pc=0x000001ba87b373f8 relative=0x0000000000000ef8
Event: 1.508 Thread 0x000001ba9a7740e0 Uncommon trap: reason=unstable_if action=reinterpret pc=0x000001ba87b373f8 method=java.util.concurrent.ConcurrentHashMap.putVal(Ljava/lang/Object;Ljava/lang/Object;Z)Ljava/lang/Object; @ 148 c2
Event: 1.508 Thread 0x000001ba9a7740e0 DEOPT PACKING pc=0x000001ba87b373f8 sp=0x00000020f9bf9cc0
Event: 1.508 Thread 0x000001ba9a7740e0 DEOPT UNPACKING pc=0x000001ba875846a2 sp=0x00000020f9bf9c40 mode 2

Classes loaded (20 events):
Event: 2.439 Loading class java/util/concurrent/ScheduledThreadPoolExecutor
Event: 2.439 Loading class java/util/concurrent/ScheduledExecutorService
Event: 2.439 Loading class java/util/concurrent/ScheduledExecutorService done
Event: 2.439 Loading class java/util/concurrent/ScheduledThreadPoolExecutor done
Event: 2.439 Loading class java/util/concurrent/ThreadPoolExecutor$Worker
Event: 2.439 Loading class java/util/concurrent/ThreadPoolExecutor$Worker done
Event: 2.440 Loading class java/util/concurrent/CompletableFuture
Event: 2.441 Loading class java/util/concurrent/CompletionStage
Event: 2.441 Loading class java/util/concurrent/CompletionStage done
Event: 2.441 Loading class java/util/concurrent/CompletableFuture done
Event: 2.442 Loading class java/util/concurrent/ThreadLocalRandom
Event: 2.442 Loading class java/util/Random
Event: 2.442 Loading class java/util/random/RandomGenerator
Event: 2.443 Loading class java/util/random/RandomGenerator done
Event: 2.443 Loading class java/util/Random done
Event: 2.443 Loading class java/util/concurrent/ThreadLocalRandom done
Event: 2.443 Loading class jdk/internal/util/random/RandomSupport
Event: 2.444 Loading class jdk/internal/util/random/RandomSupport done
Event: 4.672 Loading class java/lang/ArrayIndexOutOfBoundsException
Event: 4.672 Loading class java/lang/ArrayIndexOutOfBoundsException done

Classes unloaded (0 events):
No events

Classes redefined (0 events):
No events

Internal exceptions (20 events):
Event: 1.677 Thread 0x000001ba9a7740e0 Exception <a 'java/lang/NoSuchMethodError'{0x00000007104494a0}: 'java.lang.Object java.lang.invoke.DirectMethodHandle$Holder.newInvokeSpecial(java.lang.Object, java.lang.Object, java.lang.Object, java.lang.Object, java.lang.Object, java.lang.Object)'> (0x00000007104494a0) 
thrown [s\src\hotspot\share\interpreter\linkResolver.cpp, line 784]
Event: 1.791 Thread 0x000001ba9a7740e0 Exception <a 'java/lang/NoSuchMethodError'{0x00000007024016b8}: 'java.lang.Object java.lang.invoke.DirectMethodHandle$Holder.newInvokeSpecial(java.lang.Object, java.lang.Object, java.lang.Object, java.lang.Object, java.lang.Object, int)'> (0x00000007024016b8) 
thrown [s\src\hotspot\share\interpreter\linkResolver.cpp, line 784]
Event: 1.791 Thread 0x000001ba9a7740e0 Exception <a 'java/lang/NoSuchMethodError'{0x0000000702406640}: 'java.lang.Object java.lang.invoke.DirectMethodHandle$Holder.invokeSpecial(java.lang.Object, java.lang.Object, java.lang.Object, java.lang.Object, java.lang.Object, java.lang.Object, int)'> (0x0000000702406640) 
thrown [s\src\hotspot\share\interpreter\linkResolver.cpp, line 784]
Event: 1.873 Thread 0x000001ba9a7740e0 Exception <a 'java/lang/NoSuchMethodError'{0x000000070234ced0}: 'float java.lang.invoke.DirectMethodHandle$Holder.invokeStatic(java.lang.Object, float)'> (0x000000070234ced0) 
thrown [s\src\hotspot\share\interpreter\linkResolver.cpp, line 784]
Event: 1.873 Thread 0x000001ba9a7740e0 Exception <a 'java/lang/NoSuchMethodError'{0x0000000702350988}: 'float java.lang.invoke.DirectMethodHandle$Holder.invokeStaticInit(java.lang.Object, float)'> (0x0000000702350988) 
thrown [s\src\hotspot\share\interpreter\linkResolver.cpp, line 784]
Event: 2.384 Thread 0x000001ba9a7740e0 Exception <a 'java/lang/NoSuchMethodError'{0x0000000702944f38}: 'java.lang.Object java.lang.invoke.DirectMethodHandle$Holder.invokeStaticInit(java.lang.Object, java.lang.Object, java.lang.Object, java.lang.Object, java.lang.Object, java.lang.Object, java.lang.Object)'> (0x0000000702944f38) 
thrown [s\src\hotspot\share\interpreter\linkResolver.cpp, line 784]
Event: 2.386 Thread 0x000001ba9a7740e0 Exception <a 'java/lang/NoSuchMethodError'{0x000000070294da40}: 'java.lang.Object java.lang.invoke.Invokers$Holder.invoke_MT(java.lang.Object, java.lang.Object, java.lang.Object, java.lang.Object, java.lang.Object, java.lang.Object, java.lang.Object, java.lang.Object, java.lang.Object, java.lang.Object)'> (0x000000070294da40) 
thrown [s\src\hotspot\share\interpreter\linkResolver.cpp, line 784]
Event: 2.391 Thread 0x000001ba9a7740e0 Exception <a 'java/lang/NoSuchMethodError'{0x0000000702961cb8}: 'void java.lang.invoke.DelegatingMethodHandle$Holder.delegate(java.lang.Object, java.lang.Object, int, java.lang.Object)'> (0x0000000702961cb8) 
thrown [s\src\hotspot\share\interpreter\linkResolver.cpp, line 784]
Event: 2.391 Thread 0x000001ba9a7740e0 Exception <a 'java/lang/NoSuchMethodError'{0x0000000702965e70}: 'int java.lang.invoke.DirectMethodHandle$Holder.invokeSpecial(java.lang.Object, java.lang.Object, java.lang.Object)'> (0x0000000702965e70) 
thrown [s\src\hotspot\share\interpreter\linkResolver.cpp, line 784]
Event: 2.394 Thread 0x000001ba9a7740e0 Exception <a 'java/lang/NoSuchMethodError'{0x0000000702983fc0}: 'int java.lang.invoke.DirectMethodHandle$Holder.invokeVirtual(java.lang.Object, java.lang.Object, java.lang.Object)'> (0x0000000702983fc0) 
thrown [s\src\hotspot\share\interpreter\linkResolver.cpp, line 784]
Event: 2.394 Thread 0x000001ba9a7740e0 Exception <a 'java/lang/NoSuchMethodError'{0x0000000702987930}: 'int java.lang.invoke.DirectMethodHandle$Holder.invokeVirtual(java.lang.Object, java.lang.Object)'> (0x0000000702987930) 
thrown [s\src\hotspot\share\interpreter\linkResolver.cpp, line 784]
Event: 2.395 Thread 0x000001ba9a7740e0 Exception <a 'java/lang/NoSuchMethodError'{0x000000070298c418}: 'int java.lang.invoke.DirectMethodHandle$Holder.invokeStaticInit(java.lang.Object, int, int)'> (0x000000070298c418) 
thrown [s\src\hotspot\share\interpreter\linkResolver.cpp, line 784]
Event: 2.395 Thread 0x000001ba9a7740e0 Exception <a 'java/lang/NoSuchMethodError'{0x0000000702993cd8}: 'int java.lang.invoke.DirectMethodHandle$Holder.invokeStaticInit(java.lang.Object, long, long)'> (0x0000000702993cd8) 
thrown [s\src\hotspot\share\interpreter\linkResolver.cpp, line 784]
Event: 2.396 Thread 0x000001ba9a7740e0 Exception <a 'java/lang/NoSuchMethodError'{0x000000070299aa20}: 'int java.lang.invoke.DirectMethodHandle$Holder.invokeStaticInit(java.lang.Object, float, float)'> (0x000000070299aa20) 
thrown [s\src\hotspot\share\interpreter\linkResolver.cpp, line 784]
Event: 2.396 Thread 0x000001ba9a7740e0 Exception <a 'java/lang/NoSuchMethodError'{0x00000007029a1760}: 'int java.lang.invoke.DirectMethodHandle$Holder.invokeStaticInit(java.lang.Object, double, double)'> (0x00000007029a1760) 
thrown [s\src\hotspot\share\interpreter\linkResolver.cpp, line 784]
Event: 2.397 Thread 0x000001ba9a7740e0 Exception <a 'java/lang/NoSuchMethodError'{0x00000007029a6060}: 'int java.lang.invoke.DirectMethodHandle$Holder.invokeStatic(java.lang.Object, long)'> (0x00000007029a6060) 
thrown [s\src\hotspot\share\interpreter\linkResolver.cpp, line 784]
Event: 2.400 Thread 0x000001ba9a7740e0 Exception <a 'java/lang/NoSuchMethodError'{0x00000007029c82d0}: 'int java.lang.invoke.Invokers$Holder.linkToTargetMethod(java.lang.Object, java.lang.Object)'> (0x00000007029c82d0) 
thrown [s\src\hotspot\share\interpreter\linkResolver.cpp, line 784]
Event: 2.407 Thread 0x000001ba9a7740e0 Exception <a 'java/lang/NoSuchMethodError'{0x00000007029d2a00}: 'java.lang.Object java.lang.invoke.DirectMethodHandle$Holder.invokeStatic(java.lang.Object, long, java.lang.Object, java.lang.Object)'> (0x00000007029d2a00) 
thrown [s\src\hotspot\share\interpreter\linkResolver.cpp, line 784]
Event: 2.407 Thread 0x000001ba9a7740e0 Exception <a 'java/lang/NoSuchMethodError'{0x00000007029d9160}: 'java.lang.Object java.lang.invoke.DirectMethodHandle$Holder.newInvokeSpecial(java.lang.Object, long)'> (0x00000007029d9160) 
thrown [s\src\hotspot\share\interpreter\linkResolver.cpp, line 784]
Event: 4.672 Thread 0x000001baa228b7d0 Exception <a 'java/lang/ArrayIndexOutOfBoundsException'{0x00000007116d1bd0}: Index 1 out of bounds for length 1> (0x00000007116d1bd0) 
thrown [s\src\hotspot\share\interpreter\interpreterRuntime.cpp, line 439]

ZGC Phase Switch (0 events):
No events

VM Operations (20 events):
Event: 1.638 Executing VM operation: G1CollectForAllocation (G1 Evacuation Pause)
Event: 1.641 Executing VM operation: G1CollectForAllocation (G1 Evacuation Pause) done
Event: 1.889 Executing VM operation: G1CollectForAllocation (G1 Evacuation Pause)
Event: 1.892 Executing VM operation: G1CollectForAllocation (G1 Evacuation Pause) done
Event: 2.389 Executing VM operation: HandshakeAllThreads (Deoptimize)
Event: 2.389 Executing VM operation: HandshakeAllThreads (Deoptimize) done
Event: 2.404 Executing VM operation: HandshakeAllThreads (Deoptimize)
Event: 2.404 Executing VM operation: HandshakeAllThreads (Deoptimize) done
Event: 2.405 Executing VM operation: HandshakeAllThreads (Deoptimize)
Event: 2.405 Executing VM operation: HandshakeAllThreads (Deoptimize) done
Event: 2.406 Executing VM operation: HandshakeAllThreads (Deoptimize)
Event: 2.406 Executing VM operation: HandshakeAllThreads (Deoptimize) done
Event: 2.413 Executing VM operation: HandshakeAllThreads (Deoptimize)
Event: 2.413 Executing VM operation: HandshakeAllThreads (Deoptimize) done
Event: 3.423 Executing VM operation: Cleanup
Event: 3.424 Executing VM operation: Cleanup done
Event: 4.315 Executing VM operation: G1CollectForAllocation (G1 Evacuation Pause)
Event: 4.317 Executing VM operation: G1CollectForAllocation (G1 Evacuation Pause) done
Event: 5.325 Executing VM operation: Cleanup
Event: 5.325 Executing VM operation: Cleanup done

Memory protections (0 events):
No events

Nmethod flushes (0 events):
No events

Events (20 events):
Event: 0.316 Thread 0x000001bafb4a0f60 Thread added: 0x000001ba9a291d60
Event: 0.317 Thread 0x000001bafb4a0f60 Thread added: 0x000001ba9a3f4f40
Event: 0.319 Thread 0x000001bafb4a0f60 Thread added: 0x000001ba9a3f7d60
Event: 0.417 Thread 0x000001bafb4a0f60 Thread added: 0x000001ba9a7f7140
Event: 0.417 Thread 0x000001bafb4a0f60 Thread added: 0x000001ba9a778070
Event: 0.417 Thread 0x000001ba9a7f7140 Thread added: 0x000001ba9a58fde0
Event: 0.421 Thread 0x000001bafb4a0f60 Thread added: 0x000001ba9a4eaa80
Event: 0.426 Thread 0x000001ba9a7f7140 Thread added: 0x000001ba9a6c9510
Event: 0.446 Thread 0x000001bafb4a0f60 Thread added: 0x000001ba9a7740e0
Event: 0.535 Thread 0x000001ba95850b50 Thread exited: 0x000001ba95850b50
Event: 0.589 Loaded shared library C:\Program Files\Android\Android Studio\jbr\bin\freetype.dll
Event: 0.590 Loaded shared library C:\Program Files\Android\Android Studio\jbr\bin\fontmanager.dll
Event: 0.906 Thread 0x000001ba9a7740e0 Thread added: 0x000001ba9a773a50
Event: 1.507 Loaded shared library D:\work\PROJ\kmm_test\droid_share_jc\libs\libWinBleNativeApi.dll
Event: 2.440 Thread 0x000001ba9a7740e0 Thread added: 0x000001baa228f2e0
Event: 4.358 Thread 0x000001ba9a7740e0 Thread added: 0x000001baa228be60
Event: 4.498 Thread 0x000001ba955da700 Thread added: 0x000001baa275d5a0
Event: 4.672 Thread 0x000001baa228b7d0 Thread added: 0x000001baa228b7d0
Event: 4.954 Thread 0x000001baa228df30 Thread added: 0x000001baa228df30
Event: 6.451 Thread 0x000001baa275d5a0 Thread exited: 0x000001baa275d5a0


Dynamic libraries:
0x00007ff628550000 - 0x00007ff62855a000 	C:\Program Files\Android\Android Studio\jbr\bin\java.exe
0x00007fffe8bd0000 - 0x00007fffe8de7000 	C:\WINDOWS\SYSTEM32\ntdll.dll
0x00007fffe7be0000 - 0x00007fffe7ca4000 	C:\WINDOWS\System32\KERNEL32.DLL
0x00007fffe6250000 - 0x00007fffe660a000 	C:\WINDOWS\System32\KERNELBASE.dll
0x00007fffe6010000 - 0x00007fffe6121000 	C:\WINDOWS\System32\ucrtbase.dll
0x00007fffdefe0000 - 0x00007fffdeff8000 	C:\Program Files\Android\Android Studio\jbr\bin\jli.dll
0x00007fffe1af0000 - 0x00007fffe1b0b000 	C:\Program Files\Android\Android Studio\jbr\bin\VCRUNTIME140.dll
0x00007fffe7cb0000 - 0x00007fffe7e5e000 	C:\WINDOWS\System32\USER32.dll
0x00007fffcc9b0000 - 0x00007fffccc42000 	C:\WINDOWS\WinSxS\amd64_microsoft.windows.common-controls_6595b64144ccf1df_6.0.22621.4541_none_2710d1c57384c085\COMCTL32.dll
0x00007fffe5fe0000 - 0x00007fffe6006000 	C:\WINDOWS\System32\win32u.dll
0x00007fffe77b0000 - 0x00007fffe77d9000 	C:\WINDOWS\System32\GDI32.dll
0x00007fffe7670000 - 0x00007fffe7717000 	C:\WINDOWS\System32\msvcrt.dll
0x00007fffe5e90000 - 0x00007fffe5fab000 	C:\WINDOWS\System32\gdi32full.dll
0x00007fffe61b0000 - 0x00007fffe624a000 	C:\WINDOWS\System32\msvcp_win.dll
0x00007fffe78d0000 - 0x00007fffe7901000 	C:\WINDOWS\System32\IMM32.DLL
0x00007fffe1b30000 - 0x00007fffe1b3c000 	C:\Program Files\Android\Android Studio\jbr\bin\vcruntime140_1.dll
0x00007fffb3f90000 - 0x00007fffb401d000 	C:\Program Files\Android\Android Studio\jbr\bin\msvcp140.dll
0x00007fff62ed0000 - 0x00007fff63b53000 	C:\Program Files\Android\Android Studio\jbr\bin\server\jvm.dll
0x00007fffe68c0000 - 0x00007fffe6972000 	C:\WINDOWS\System32\ADVAPI32.dll
0x00007fffe7ea0000 - 0x00007fffe7f47000 	C:\WINDOWS\System32\sechost.dll
0x00007fffe5fb0000 - 0x00007fffe5fd8000 	C:\WINDOWS\System32\bcrypt.dll
0x00007fffe7ac0000 - 0x00007fffe7bd4000 	C:\WINDOWS\System32\RPCRT4.dll
0x00007fffe77e0000 - 0x00007fffe7851000 	C:\WINDOWS\System32\WS2_32.dll
0x00007fffe4ce0000 - 0x00007fffe4d2d000 	C:\WINDOWS\SYSTEM32\POWRPROF.dll
0x00007fffde250000 - 0x00007fffde284000 	C:\WINDOWS\SYSTEM32\WINMM.dll
0x00007fffd5480000 - 0x00007fffd548a000 	C:\WINDOWS\SYSTEM32\VERSION.dll
0x00007fffe4cc0000 - 0x00007fffe4cd3000 	C:\WINDOWS\SYSTEM32\UMPDC.dll
0x00007fffe4f80000 - 0x00007fffe4f98000 	C:\WINDOWS\SYSTEM32\kernel.appcore.dll
0x00007fffe1ad0000 - 0x00007fffe1ada000 	C:\Program Files\Android\Android Studio\jbr\bin\jimage.dll
0x00007fffe3900000 - 0x00007fffe3b32000 	C:\WINDOWS\SYSTEM32\DBGHELP.DLL
0x00007fffe69a0000 - 0x00007fffe6d31000 	C:\WINDOWS\System32\combase.dll
0x00007fffe7580000 - 0x00007fffe7657000 	C:\WINDOWS\System32\OLEAUT32.dll
0x00007fffcf810000 - 0x00007fffcf842000 	C:\WINDOWS\SYSTEM32\dbgcore.DLL
0x00007fffe6840000 - 0x00007fffe68bb000 	C:\WINDOWS\System32\bcryptPrimitives.dll
0x00007fffdf820000 - 0x00007fffdf840000 	C:\Program Files\Android\Android Studio\jbr\bin\java.dll
0x00007fffdf6f0000 - 0x00007fffdf708000 	C:\Program Files\Android\Android Studio\jbr\bin\zip.dll
0x00007fffe82b0000 - 0x00007fffe8b29000 	C:\WINDOWS\System32\SHELL32.dll
0x00007fffe3d60000 - 0x00007fffe4669000 	C:\WINDOWS\SYSTEM32\windows.storage.dll
0x00007fffe3c20000 - 0x00007fffe3d5f000 	C:\WINDOWS\SYSTEM32\wintypes.dll
0x00007fffe6d40000 - 0x00007fffe6e3a000 	C:\WINDOWS\System32\SHCORE.dll
0x00007fffe7870000 - 0x00007fffe78ce000 	C:\WINDOWS\System32\shlwapi.dll
0x00007fffe5dc0000 - 0x00007fffe5deb000 	C:\WINDOWS\SYSTEM32\profapi.dll
0x00007fffe1ac0000 - 0x00007fffe1ad0000 	C:\Program Files\Android\Android Studio\jbr\bin\net.dll
0x00007fffdec10000 - 0x00007fffded46000 	C:\WINDOWS\SYSTEM32\WINHTTP.dll
0x00007fffe5420000 - 0x00007fffe5489000 	C:\WINDOWS\system32\mswsock.dll
0x00007fffdf070000 - 0x00007fffdf086000 	C:\Program Files\Android\Android Studio\jbr\bin\nio.dll
0x00007ffed7e60000 - 0x00007ffed8ef6000 	C:\Users\Sergey\.skiko\ec6bc0f7306786ecca7e44964c7c5c0e40049680f07b151b50515efdfa5bea73\skiko-windows-x64.dll
0x00007fffe7910000 - 0x00007fffe7ab5000 	C:\WINDOWS\System32\ole32.dll
0x00007fffe3130000 - 0x00007fffe315b000 	C:\WINDOWS\SYSTEM32\dwmapi.dll
0x00007fffe27e0000 - 0x00007fffe28e1000 	C:\WINDOWS\SYSTEM32\PROPSYS.dll
0x00007fff90df0000 - 0x00007fff90f88000 	C:\Program Files\Android\Android Studio\jbr\bin\awt.dll
0x00007fffd2a50000 - 0x00007fffd2a94000 	C:\Program Files\Android\Android Studio\jbr\bin\nvdaControllerClient64.dll
0x00007fffe2b70000 - 0x00007fffe2c07000 	C:\WINDOWS\SYSTEM32\apphelp.dll
0x00007fffe2f20000 - 0x00007fffe2fd1000 	C:\WINDOWS\system32\uxtheme.dll
0x00007fffe72c0000 - 0x00007fffe7421000 	C:\WINDOWS\System32\MSCTF.dll
0x00007fffbe240000 - 0x00007fffbe340000 	C:\WINDOWS\system32\opengl32.dll
0x00007fffc1be0000 - 0x00007fffc1c0d000 	C:\WINDOWS\SYSTEM32\GLU32.dll
0x00007fffe3190000 - 0x00007fffe31c7000 	C:\WINDOWS\SYSTEM32\dxcore.dll
0x00007fffb5dc0000 - 0x00007fffb5e47000 	C:\Program Files\Android\Android Studio\jbr\bin\freetype.dll
0x00007fff911f0000 - 0x00007fff912d5000 	C:\Program Files\Android\Android Studio\jbr\bin\fontmanager.dll
0x00007fffe0ce0000 - 0x00007fffe0f53000 	C:\WINDOWS\SYSTEM32\dwrite.dll
0x00007fffd0c90000 - 0x00007fffd0e4a000 	C:\WINDOWS\WinSxS\amd64_microsoft.windows.gdiplus_6595b64144ccf1df_1.1.22621.4746_none_57fb527ace17bb1a\gdiplus.dll
0x00007fffe7fd0000 - 0x00007fffe8080000 	C:\WINDOWS\System32\clbcatq.dll
0x00007fffe2d70000 - 0x00007fffe2f20000 	C:\WINDOWS\SYSTEM32\WindowsCodecs.dll
0x00007fffc0350000 - 0x00007fffc03ae000 	C:\WINDOWS\system32\dataexchange.dll
0x00007fffdac90000 - 0x00007fffdaf34000 	C:\WINDOWS\system32\twinapi.appcore.dll
0x00007fffd41d0000 - 0x00007fffd41d7000 	C:\Program Files\Android\Android Studio\jbr\bin\jawt.dll
0x00007fffe3020000 - 0x00007fffe3117000 	C:\WINDOWS\SYSTEM32\Dxgi.dll
0x00007fffddac0000 - 0x00007fffddb09000 	C:\WINDOWS\SYSTEM32\directxdatabasehelper.dll
0x00007fff90320000 - 0x00007fff90346000 	C:\WINDOWS\SYSTEM32\D3D12.dll
0x00007fff65bf0000 - 0x00007fff65df2000 	C:\WINDOWS\SYSTEM32\D3D12Core.dll
0x00007fffe5b80000 - 0x00007fffe5bce000 	C:\WINDOWS\SYSTEM32\cfgmgr32.dll
0x00007fffd5ef0000 - 0x00007fffd8c7f000 	C:\WINDOWS\System32\DriverStore\FileRepository\iigd_dch.inf_amd64_c34fd594e40bf436\igc64.dll
0x00007ffed7340000 - 0x00007ffed7e53000 	C:\WINDOWS\System32\DriverStore\FileRepository\iigd_dch.inf_amd64_c34fd594e40bf436\igd12umd64.dll
0x00007fffe6610000 - 0x00007fffe6776000 	C:\WINDOWS\System32\CRYPT32.dll
0x00007fffd8c80000 - 0x00007fffd8fb6000 	C:\WINDOWS\System32\DriverStore\FileRepository\iigd_dch.inf_amd64_c34fd594e40bf436\igdgmm64.dll
0x00007fff90150000 - 0x00007fff9017f000 	C:\WINDOWS\SYSTEM32\D3DSCache.dll
0x00007fffe5510000 - 0x00007fffe5538000 	C:\WINDOWS\SYSTEM32\USERENV.dll
0x00007fff2b220000 - 0x00007fff2f497000 	C:\WINDOWS\System32\DriverStore\FileRepository\iigd_dch.inf_amd64_c34fd594e40bf436\igd12dxva64.dll
0x00007fffe6e40000 - 0x00007fffe72b4000 	C:\WINDOWS\System32\SETUPAPI.dll
0x00007fffbba10000 - 0x00007fffbba37000 	C:\WINDOWS\System32\DriverStore\FileRepository\iigd_dch.inf_amd64_c34fd594e40bf436\igdinfo64.dll
0x00007fff5cd20000 - 0x00007fff5cf1b000 	D:\work\PROJ\kmm_test\droid_share_jc\libs\libWinBleNativeApi.dll
0x00007fffddb10000 - 0x00007fffddd4d000 	C:\Windows\System32\Windows.Devices.Bluetooth.dll
0x00007fffe17b0000 - 0x00007fffe1a05000 	C:\WINDOWS\SYSTEM32\dcomp.dll
0x00007fffe08f0000 - 0x00007fffe0cd6000 	C:\WINDOWS\SYSTEM32\d3dcompiler_47.dll
0x00007fffe5690000 - 0x00007fffe56ab000 	C:\WINDOWS\SYSTEM32\CRYPTSP.dll
0x00007fffd1ad0000 - 0x00007fffd1c15000 	C:\WINDOWS\SYSTEM32\textinputframework.dll
0x00007fffde200000 - 0x00007fffde24c000 	C:\Windows\System32\Microsoft.Bluetooth.Proxy.dll

dbghelp: loaded successfully - version: 4.0.5 - missing functions: none
symbol engine: initialized successfully - sym options: 0x614 - pdb path: .;C:\Program Files\Android\Android Studio\jbr\bin;C:\WINDOWS\SYSTEM32;C:\WINDOWS\WinSxS\amd64_microsoft.windows.common-controls_6595b64144ccf1df_6.0.22621.4541_none_2710d1c57384c085;C:\Program Files\Android\Android Studio\jbr\bin\server;C:\Users\Sergey\.skiko\ec6bc0f7306786ecca7e44964c7c5c0e40049680f07b151b50515efdfa5bea73;C:\WINDOWS\WinSxS\amd64_microsoft.windows.gdiplus_6595b64144ccf1df_1.1.22621.4746_none_57fb527ace17bb1a;C:\WINDOWS\System32\DriverStore\FileRepository\iigd_dch.inf_amd64_c34fd594e40bf436;D:\work\PROJ\kmm_test\droid_share_jc\libs

VM Arguments:
jvm_args: -Dcompose.application.configure.swing.globals=true -Dcompose.application.resources.dir=D:\work\PROJ\kmm_test\droid_share_jc\composeApp\build\compose\tmp\prepareAppResources -Dfile.encoding=UTF-8 -Duser.country=RU -Duser.language=ru -Duser.variant 
java_command: org.example.project.MainKt
java_class_path (initial): D:\work\PROJ\kmm_test\droid_share_jc\composeApp\build\libs\composeApp-desktop.jar;D:\work\PROJ\kmm_test\droid_share_jc\libs\WinBleNativeApi.jar;C:\Users\Sergey\.gradle\caches\modules-2\files-2.1\org.jetbrains.compose.desktop\desktop-jvm\1.7.0\128a1262fd72c68277ebadf308a07ff086206f8e\desktop-jvm-1.7.0.jar;C:\Users\Sergey\.gradle\caches\modules-2\files-2.1\org.jetbrains.compose.material\material-desktop\1.7.0\29cccd4e48b2f071e85c1eaf2f59def91d68eb8\material-desktop-1.7.0.jar;C:\Users\Sergey\.gradle\caches\modules-2\files-2.1\org.jetbrains.compose.components\components-resources-desktop\1.7.0\aeb1cd8677ec680fcf716aecbaf1a2aafc217622\library-desktop-1.7.0.jar;C:\Users\Sergey\.gradle\caches\modules-2\files-2.1\org.jetbrains.compose.material\material-ripple-desktop\1.7.0\42b03965266ad123672e8a87f98d914dc8c072bf\material-ripple-desktop-1.7.0.jar;C:\Users\Sergey\.gradle\caches\modules-2\files-2.1\org.jetbrains.compose.foundation\foundation-desktop\1.7.0\6851b9b4d93e3bba301eeb94242a59863026dc8d\foundation-desktop-1.7.0.jar;C:\Users\Sergey\.gradle\caches\modules-2\files-2.1\org.jetbrains.compose.animation\animation-desktop\1.7.0\2c5c8a0279b37285f6fa2e65affab9a5ca3d2e05\animation-desktop-1.7.0.jar;C:\Users\Sergey\.gradle\caches\modules-2\files-2.1\org.jetbrains.compose.foundation\foundation-layout-desktop\1.7.0\99ee09906c30143ece1a7e9d1ab25db99ca65876\foundation-layout-desktop-1.7.0.jar;C:\Users\Sergey\.gradle\caches\modules-2\files-2.1\org.jetbrains.compose.animation\animation-core-desktop\1.7.0\3f9e8ac3f4804e7029a0f8f8955ebd7dc8075516\animation-core-desktop-1.7.0.jar;C:\Users\Sergey\.gradle\caches\modules-2\files-2.1\org.jetbrains.compose.material\material-icons-core-desktop\1.7.0\414b3096050fe647b0638832eace80f22c06b85c\material-icons-core-desktop-1.7.0.jar;C:\Users\Sergey\.gradle\caches\modules-2\files-2.1\org.jetbrains.compose.ui\ui-desktop\1.7.0\da1d07709414cb57d887a8a5d05b523dd52fd200\ui-desktop-1.7.0.jar;C:\Users\Sergey\.gradle\caches\modules-2\files-2.1\org.jetbrains.androidx.lifecycle\lifecycle-runtime-compose-desktop\2.8.4\e950e2a504a045ac652718dc20e736f28c5ff4c2\lifecycle-runtime-compose-desktop-2.8.4.jar;C:\Users\Sergey\.gradle\caches\modules-2\files-2.1\org.jetbrains.compose.ui\ui-text-desktop\1.7.0\9fcd54866d7c2132d921b337ad8967f90cc25b85\ui-text-desktop-1.7.0.jar;C:\Users\Sergey\.gradle\caches\modules-2\files-2.1\org.jetbrains.compose.runtime\runtime-saveable-desktop\1.7.0\16cec893bca783af229978ba2091f58eea6906c1\runtime-saveable-desktop-1.7.0.jar;C:\Users\Sergey\.gradle\caches\modules-2\files-2.1\org.jetbrains.compose.ui\ui-graphics-desktop\1.7.0\636fab3892b2e789b1086b1872104324182d305a\ui-graphics-desktop-1.7.0.jar;C:\Users\Sergey\.gradle\caches\modules-2\files-2.1\org.jetbrains.compose.ui\ui-unit-desktop\1.7.0\fecd4bde2d2f1cfbe2118d175ec7030a50e63f20\ui-unit-desktop-1.7.0.jar;C:\Users\Sergey\.gradle\caches\modules-2\files-2.1\org.jetbrains.compose.ui\ui-geometry-desktop\1.7.0\dfc47c11ec416d93f53ae19103143d741a3d8b14\ui-geometry-desktop-1.7.0.jar;C:\Users\Sergey\.gradle\caches\modules-2\files-2.1\org.jetbrains.compose.ui\ui-tooling-preview-desktop\1.7.0\62232c44c61692b56d3071c29b0f9c8481b20574\ui-tooling-preview-desktop-1.7.0.jar;C:\Users\Sergey\.gradle\caches\modules-2\files-2.1\org.jetbrains.compose.runtime\runtime-desktop\1.7.0\c7ec36fb96961f1cd208a4e0daab62eebb1e3728\runtime-desktop-1.7.0.jar;C:\Users\Sergey\.gradle\caches\modules-2\files-2.1\com.appstractive\dns-sd-kt-jvm\1.0.4\2e5a7f81ebc70240a1e8a9b1fe36d984e6f7b7a6\dns-sd-kt-jvm-1.0.4.jar;C:\Users\Sergey\.gradle\caches\modules-2\files-2.1\androidx.lifecycle\lifecycle-runtime-desktop\2.8.5\fed8b9973735cbe77645edf153d5f7bb412bfd45\lifecycle-runtime-desktop-2.8.5.jar;C:\Users\Sergey\.gradle\caches\modules-2\files-2.1\androidx.lifecycle\lifecycle-viewmodel-compose-desktop\2.8.5\c494005605ed5c2b5e760f2b3f7b5b1e72190c6f\lifecycle-viewmodel-compose-desktop-2.8.5.jar;C:\Users\Sergey\.gradle\caches\modules-2\files-2.1\androidx.lifecycle\lifecycle-common-jvm\2.8.5\7174a594afb73a9ad9ac9074ce78b94af3cc52a7\lifecycle-common-jvm-2.8.5.jar;C:\Users\Sergey\.gradle\caches\modules-2\files-2.1\androidx.lifecycle\lifecycle-viewmodel-desktop\2.8.5\572f6fed6a70c5d87c9a0d17d05828ff1a6f19f8\lifecycle-viewmodel-desktop-2.8.5.jar;C:\Users\Sergey\.gradle\caches\modules-2\files-2.1\org.jetbrains.skiko\skiko-awt-runtime-windows-x64\0.8.15\8f3d1d6d4f3f168305cc1230c07dec7362fa7b00\skiko-awt-runtime-windows-x64-0.8.15.jar;C:\Users\Sergey\.gradle\caches\modules-2\files-2.1\org.jetbrains.skiko\skiko-awt\0.8.15\bbcde58bebd8e48188bbf4b5ed10a91f3b0a84a0\skiko-awt-0.8.15.jar;C:\Users\Sergey\.gradle\caches\modules-2\files-2.1\androidx.compose.runtime\runtime-desktop\1.6.0\a3bf2becdecff9e2d06b50b18370837206b6ac9e\runtime-desktop-1.6.0.jar;C:\Users\Sergey\.gradle\caches\modules-2\files-2.1\org.jetbrains.kotlinx\kotlinx-coroutines-core-jvm\1.9.0\9beade4c1c1569e4f36cbd2c37e02e3e41502601\kotlinx-coroutines-core-jvm-1.9.0.jar;C:\Users\Sergey\.gradle\caches\modules-2\files-2.1\org.jetbrains.kotlinx\kotlinx-coroutines-swing\1.9.0\4327447ba45a17aca24d2e2be7f9f5b44dd695a5\kotlinx-coroutines-swing-1.9.0.jar;C:\Users\Sergey\.gradle\caches\modules-2\files-2.1\org.jetbrains.compose.components\components-ui-tooling-preview-desktop\1.7.0\8f7a6367fc68382f164dd64ef4b88f98a531b612\library-desktop-1.7.0.jar;C:\Users\Sergey\.gradle\caches\modules-2\files-2.1\org.jetbrains.kotlin\kotlin-stdlib-jdk8\1.9.24\a2f6d82081a54b52ceb120c5a18f87402ccab0c\kotlin-stdlib-jdk8-1.9.24.jar;C:\Users\Sergey\.gradle\caches\modules-2\files-2.1\org.jetbrains.kotlinx\atomicfu-jvm\0.23.2\a4601dc42dceb031a586058e8356ff778a57dea0\atomicfu-jvm-0.23.2.jar;C:\Users\Sergey\.gradle\caches\modules-2\files-2.1\org.jetbrains.compose.ui\ui-util-desktop\1.7.0\3c2234b2741de97514d440cfa08fa243ef87ce53\ui-util-desktop-1.7.0.jar;C:\Users\Sergey\.gradle\caches\modules-2\files-2.1\androidx.arch.core\core-common\2.2.0\5e1b8b81dfd5f52c56a8d53b18ca759c19a301f3\core-common-2.2.0.jar;C:\Users\Sergey\.gradle\caches\modules-2\files-2.1\androidx.collection\collection-jvm\1.4.0\e209fb7bd1183032f55a0408121c6251a81acb49\collection-jvm-1.4.0.jar;C:\Users\Sergey\.gradle\caches\modules-2\files-2.1\androidx.annotation\annotation-jvm\1.8.0\b8a16fe526014b7941c1debaccaf9c5153692dbb\annotation-jvm-1.8.0.jar;C:\Users\Sergey\.gradle\caches\modules-2\files-2.1\org.jetbrains.kotlin\kotlin-stdlib-jdk7\1.9.24\46b6e1099acabc71feca1c0013deee78e6793d07\kotlin-stdlib-jdk7-1.9.24.jar;C:\Users\Sergey\.gradle\caches\modules-2\files-2.1\org.jetbrains.kotlin\kotlin-stdlib\2.1.0\85f8b81009cda5890e54ba67d64b5e599c645020\kotlin-stdlib-2.1.0.jar;C:\Users\Sergey\.gradle\caches\modules-2\files-2.1\org.apache.logging.log4j\log4j-slf4j2-impl\2.20.0\155c8b9bbdac91d8461d9a403a646e6bd0d365d8\log4j-slf4j2-impl-2.20.0.jar;C:\Users\Sergey\.gradle\caches\modules-2\files-2.1\ch.qos.logback\logback-classic\1.5.16\113979db51dfad6dc895b34460d7b7ff64ffe7d2\logback-classic-1.5.16.jar;C:\Users\Sergey\.gradle\caches\modules-2\files-2.1\com.github.weliem.blessed-bluez\blessed\0.64\2039129261e359881f625c20626c6e275dcc083\blessed-0.64.jar;C:\Users\Sergey\.gradle\caches\modules-2\files-2.1\com.github.hypfvieh\dbus-java-transport-native-unixsocket\4.3.2\505a9adc081f31405b2d513502d29c4addfcb02a\dbus-java-transport-native-unixsocket-4.3.2.jar;C:\Users\Sergey\.gradle\caches\modules-2\files-2.1\org.jetbrains\annotations\23.0.0\8cc20c07506ec18e0834947b84a864bfc094484e\annotations-23.0.0.jar;C:\Users\Sergey\.gradle\caches\modules-2\files-2.1\org.apache.logging.log4j\log4j-core\2.20.0\eb2a9a47b1396e00b5eee1264296729a70565cc0\log4j-core-2.20.0.jar;C:\Users\Sergey\.gradle\caches\modules-2\files-2.1\org.apache.logging.log4j\log4j-api\2.20.0\1fe6082e660daf07c689a89c94dc0f49c26b44bb\log4j-api-2.20.0.jar;C:\Users\Sergey\.gradle\caches\modules-2\files-2.1\com.github.hypfvieh\dbus-java-core\4.3.2\83d98e2cbc73f96d558669c01b1df1f95f3bd0dd\dbus-java-core-4.3.2.jar;C:\Users\Sergey\.gradle\caches\modules-2\files-2.1\org.jmdns\jmdns\3.6.0\5fff1c1db5723a301c47de4cf9627def14b73464\jmdns-3.6.0.jar;C:\Users\Sergey\.gradle\caches\modules-2\files-2.1\org.slf4j\slf4j-api\2.0.16\172931663a09a1fa515567af5fbef00897d3c04\slf4j-api-2.0.16.jar;C:\Users\Sergey\.gradle\caches\modules-2\files-2.1\ch.qos.logback\logback-core\1.5.16\4f17700f046900aea2fadf115e2d67fec921f7fd\logback-core-1.5.16.jar
Launcher Type: SUN_STANDARD

[Global flags]
     intx CICompilerCount                          = 4                                         {product} {ergonomic}
     uint ConcGCThreads                            = 2                                         {product} {ergonomic}
     uint G1ConcRefinementThreads                  = 8                                         {product} {ergonomic}
   size_t G1HeapRegionSize                         = 2097152                                   {product} {ergonomic}
    uintx GCDrainStackTargetSize                   = 64                                        {product} {ergonomic}
   size_t InitialHeapSize                          = 268435456                                 {product} {ergonomic}
   size_t MarkStackSize                            = 4194304                                   {product} {ergonomic}
   size_t MaxHeapSize                              = 4269801472                                {product} {ergonomic}
   size_t MaxNewSize                               = 2560622592                                {product} {ergonomic}
   size_t MinHeapDeltaBytes                        = 2097152                                   {product} {ergonomic}
   size_t MinHeapSize                              = 8388608                                   {product} {ergonomic}
    uintx NonNMethodCodeHeapSize                   = 5839372                                {pd product} {ergonomic}
    uintx NonProfiledCodeHeapSize                  = 122909434                              {pd product} {ergonomic}
    uintx ProfiledCodeHeapSize                     = 122909434                              {pd product} {ergonomic}
    uintx ReservedCodeCacheSize                    = 251658240                              {pd product} {ergonomic}
     bool SegmentedCodeCache                       = true                                      {product} {ergonomic}
   size_t SoftMaxHeapSize                          = 4269801472                             {manageable} {ergonomic}
     bool UseCompressedOops                        = true                           {product lp64_product} {ergonomic}
     bool UseG1GC                                  = true                                      {product} {ergonomic}
     bool UseLargePagesIndividualAllocation        = false                                  {pd product} {ergonomic}

Logging:
Log output configuration:
 #0: stdout all=warning uptime,level,tags foldmultilines=false
 #1: stderr all=off uptime,level,tags foldmultilines=false

Environment Variables:
PATH=D:\work\PROJ\kmm_test\droid_share_jc\libs
USERNAME=Sergey
OS=Windows_NT
PROCESSOR_IDENTIFIER=Intel64 Family 6 Model 142 Stepping 10, GenuineIntel
TMP=C:\Users\Sergey\AppData\Local\Temp
TEMP=C:\Users\Sergey\AppData\Local\Temp




Periodic native trim disabled

JNI global refs:
JNI global refs: 138, weak refs: 14

JNI global refs memory usage: 2099, weak refs: 833

Process memory usage:
Resident Set Size: 201472K (1% of 16671948K total physical memory with 930192K free physical memory)

OOME stack traces (most recent first):
Classloader memory used:
Loader jdk.internal.loader.ClassLoaders$AppClassLoader                                 : 17069K
Loader bootstrap                                                                       : 16022K

---------------  S Y S T E M  ---------------

OS:
 Windows 11 , 64 bit Build 22621 (10.0.22621.4391)
OS uptime: 5 days 5:50 hours
Hyper-V role detected

CPU: total 8 (initial active 8) (4 cores per cpu, 2 threads per core) family 6 model 142 stepping 10 microcode 0xf0, cx8, cmov, fxsr, ht, mmx, 3dnowpref, sse, sse2, sse3, ssse3, sse4.1, sse4.2, popcnt, lzcnt, tsc, tscinvbit, avx, avx2, aes, erms, clmul, bmi1, bmi2, adx, fma, vzeroupper, clflush, clflushopt, hv, rdtscp, f16c
Processor Information for all 8 processors :
  Max Mhz: 1992, Current Mhz: 1792, Mhz Limit: 1792

Memory: 4k page, system-wide physical 16281M (908M free)
TotalPageFile size 36413M (AvailPageFile size 5990M)
current process WorkingSet (physical memory assigned to process): 196M, peak: 222M
current process commit charge ("private bytes"): 222M, peak: 372M

vm_info: OpenJDK 64-Bit Server VM (21.0.4+-12508038-b607.1) for windows-amd64 JRE (21.0.4+-12508038-b607.1), built on 2024-10-16T17:23:34Z by "builder" with MS VC++ 16.10 / 16.11 (VS2019)

END.
